[async_value_nullable_pattern] 2025-08-16T13:39:04.117968 Plugin async_value_nullable_pattern threw while analyzing /Users/nilo/Projects/flutter/cinebox_fx/cinebox/lib/ui/splash/splash_screen.dart:
[async_value_nullable_pattern] 2025-08-16T13:39:04.117968 Null check operator used on a null value
[async_value_nullable_pattern] 2025-08-16T13:39:04.117968 #0      ErrorVerifier._checkForMixinWithConflictingPrivateMember (package:analyzer/src/generated/error_verifier.dart:4257:52)
[async_value_nullable_pattern] 2025-08-16T13:39:04.117968 #1      ErrorVerifier._checkClassInheritance (package:analyzer/src/generated/error_verifier.dart:1570:7)
[async_value_nullable_pattern] 2025-08-16T13:39:04.117968 #2      ErrorVerifier.visitClassDeclaration (package:analyzer/src/generated/error_verifier.dart:463:26)
[async_value_nullable_pattern] 2025-08-16T13:39:04.117968 #3      ClassDeclarationImpl.accept (package:analyzer/src/dart/ast/ast.dart:2937:50)
[async_value_nullable_pattern] 2025-08-16T13:39:04.117968 #4      NodeListImpl.accept (package:analyzer/src/dart/ast/ast.dart:13245:20)
[async_value_nullable_pattern] 2025-08-16T13:39:04.117968 #5      CompilationUnitImpl.visitChildren (package:analyzer/src/dart/ast/ast.dart:3613:21)
[async_value_nullable_pattern] 2025-08-16T13:39:04.117968 #6      RecursiveAstVisitor.visitCompilationUnit (package:analyzer/dart/ast/visitor.dart:964:10)
[async_value_nullable_pattern] 2025-08-16T13:39:04.117968 #7      ErrorVerifier.visitCompilationUnit (package:analyzer/src/generated/error_verifier.dart:548:11)
[async_value_nullable_pattern] 2025-08-16T13:39:04.117968 #8      CompilationUnitImpl.accept (package:analyzer/src/dart/ast/ast.dart:3606:50)
[async_value_nullable_pattern] 2025-08-16T13:39:04.117968 #9      LibraryAnalyzer._computeVerifyErrors (package:analyzer/src/dart/analysis/library_analyzer.dart:485:10)
[async_value_nullable_pattern] 2025-08-16T13:39:04.117968 #10     LibraryAnalyzer._computeDiagnostics (package:analyzer/src/dart/analysis/library_analyzer.dart:328:7)
[async_value_nullable_pattern] 2025-08-16T13:39:04.117968 #11     LibraryAnalyzer.analyze.<anonymous closure> (package:analyzer/src/dart/analysis/library_analyzer.dart:126:7)
[async_value_nullable_pattern] 2025-08-16T13:39:04.117968 #12     OperationPerformanceImpl.run (package:analyzer/src/util/performance/operation_performance.dart:155:23)
[async_value_nullable_pattern] 2025-08-16T13:39:04.117968 #13     LibraryAnalyzer.analyze (package:analyzer/src/dart/analysis/library_analyzer.dart:125:17)
[async_value_nullable_pattern] 2025-08-16T13:39:04.117968 #14     AnalysisDriver._analyzeFileImpl.<anonymous closure>.<anonymous closure> (package:analyzer/src/dart/analysis/driver.dart:1417:13)
[async_value_nullable_pattern] 2025-08-16T13:39:04.117968 #15     OperationPerformanceImpl.run (package:analyzer/src/util/performance/operation_performance.dart:155:23)
[async_value_nullable_pattern] 2025-08-16T13:39:04.117968 #16     AnalysisDriver._analyzeFileImpl.<anonymous closure> (package:analyzer/src/dart/analysis/driver.dart:1406:35)
[async_value_nullable_pattern] 2025-08-16T13:39:04.117968 #17     PerformanceLog.run (package:analyzer/src/dart/analysis/performance_logger.dart:38:15)
[async_value_nullable_pattern] 2025-08-16T13:39:04.117968 #18     AnalysisDriver._analyzeFileImpl (package:analyzer/src/dart/analysis/driver.dart:1348:20)
[async_value_nullable_pattern] 2025-08-16T13:39:04.117968 #19     AnalysisDriver._analyzeFile.<anonymous closure> (package:analyzer/src/dart/analysis/driver.dart:1325:9)
[async_value_nullable_pattern] 2025-08-16T13:39:04.117968 #20     OperationPerformanceImpl.run (package:analyzer/src/util/performance/operation_performance.dart:155:23)
[async_value_nullable_pattern] 2025-08-16T13:39:04.117968 #21     AnalysisDriver._analyzeFile (package:analyzer/src/dart/analysis/driver.dart:1322:38)
[async_value_nullable_pattern] 2025-08-16T13:39:04.117968 #22     AnalysisDriver.performWork (package:analyzer/src/dart/analysis/driver.dart:1217:7)
[async_value_nullable_pattern] 2025-08-16T13:39:04.117968 #23     AnalysisDriverScheduler._run (package:analyzer/src/dart/analysis/driver.dart:2659:24)
[async_value_nullable_pattern] 2025-08-16T13:39:04.117968 <asynchronous suspension>
[async_value_nullable_pattern] 2025-08-16T13:39:04.117968
[async_value_nullable_pattern] 2025-08-16T13:39:04.120135 Plugin async_value_nullable_pattern threw while analyzing /Users/nilo/Projects/flutter/cinebox_fx/cinebox/lib/ui/splash/splash_screen.dart:
[async_value_nullable_pattern] 2025-08-16T13:39:04.120135 Null check operator used on a null value
[async_value_nullable_pattern] 2025-08-16T13:39:04.120135 #0      ErrorVerifier._checkForMixinWithConflictingPrivateMember (package:analyzer/src/generated/error_verifier.dart:4257:52)
[async_value_nullable_pattern] 2025-08-16T13:39:04.120135 #1      ErrorVerifier._checkClassInheritance (package:analyzer/src/generated/error_verifier.dart:1570:7)
[async_value_nullable_pattern] 2025-08-16T13:39:04.120135 #2      ErrorVerifier.visitClassDeclaration (package:analyzer/src/generated/error_verifier.dart:463:26)
[async_value_nullable_pattern] 2025-08-16T13:39:04.120135 #3      ClassDeclarationImpl.accept (package:analyzer/src/dart/ast/ast.dart:2937:50)
[async_value_nullable_pattern] 2025-08-16T13:39:04.120135 #4      NodeListImpl.accept (package:analyzer/src/dart/ast/ast.dart:13245:20)
[async_value_nullable_pattern] 2025-08-16T13:39:04.120135 #5      CompilationUnitImpl.visitChildren (package:analyzer/src/dart/ast/ast.dart:3613:21)
[async_value_nullable_pattern] 2025-08-16T13:39:04.120135 #6      RecursiveAstVisitor.visitCompilationUnit (package:analyzer/dart/ast/visitor.dart:964:10)
[async_value_nullable_pattern] 2025-08-16T13:39:04.120135 #7      ErrorVerifier.visitCompilationUnit (package:analyzer/src/generated/error_verifier.dart:548:11)
[async_value_nullable_pattern] 2025-08-16T13:39:04.120135 #8      CompilationUnitImpl.accept (package:analyzer/src/dart/ast/ast.dart:3606:50)
[async_value_nullable_pattern] 2025-08-16T13:39:04.120135 #9      LibraryAnalyzer._computeVerifyErrors (package:analyzer/src/dart/analysis/library_analyzer.dart:485:10)
[async_value_nullable_pattern] 2025-08-16T13:39:04.120135 #10     LibraryAnalyzer._computeDiagnostics (package:analyzer/src/dart/analysis/library_analyzer.dart:328:7)
[async_value_nullable_pattern] 2025-08-16T13:39:04.120135 #11     LibraryAnalyzer.analyze.<anonymous closure> (package:analyzer/src/dart/analysis/library_analyzer.dart:126:7)
[async_value_nullable_pattern] 2025-08-16T13:39:04.120135 #12     OperationPerformanceImpl.run (package:analyzer/src/util/performance/operation_performance.dart:155:23)
[async_value_nullable_pattern] 2025-08-16T13:39:04.120135 #13     LibraryAnalyzer.analyze (package:analyzer/src/dart/analysis/library_analyzer.dart:125:17)
[async_value_nullable_pattern] 2025-08-16T13:39:04.120135 #14     AnalysisDriver._analyzeFileImpl.<anonymous closure>.<anonymous closure> (package:analyzer/src/dart/analysis/driver.dart:1417:13)
[async_value_nullable_pattern] 2025-08-16T13:39:04.120135 #15     OperationPerformanceImpl.run (package:analyzer/src/util/performance/operation_performance.dart:155:23)
[async_value_nullable_pattern] 2025-08-16T13:39:04.120135 #16     AnalysisDriver._analyzeFileImpl.<anonymous closure> (package:analyzer/src/dart/analysis/driver.dart:1406:35)
[async_value_nullable_pattern] 2025-08-16T13:39:04.120135 #17     PerformanceLog.run (package:analyzer/src/dart/analysis/performance_logger.dart:38:15)
[async_value_nullable_pattern] 2025-08-16T13:39:04.120135 #18     AnalysisDriver._analyzeFileImpl (package:analyzer/src/dart/analysis/driver.dart:1348:20)
[async_value_nullable_pattern] 2025-08-16T13:39:04.120135 #19     AnalysisDriver._analyzeFile.<anonymous closure> (package:analyzer/src/dart/analysis/driver.dart:1325:9)
[async_value_nullable_pattern] 2025-08-16T13:39:04.120135 #20     OperationPerformanceImpl.run (package:analyzer/src/util/performance/operation_performance.dart:155:23)
[async_value_nullable_pattern] 2025-08-16T13:39:04.120135 #21     AnalysisDriver._analyzeFile (package:analyzer/src/dart/analysis/driver.dart:1322:38)
[async_value_nullable_pattern] 2025-08-16T13:39:04.120135 #22     AnalysisDriver.performWork (package:analyzer/src/dart/analysis/driver.dart:1217:7)
[async_value_nullable_pattern] 2025-08-16T13:39:04.120135 #23     AnalysisDriverScheduler._run (package:analyzer/src/dart/analysis/driver.dart:2659:24)
[async_value_nullable_pattern] 2025-08-16T13:39:04.120135 <asynchronous suspension>
[async_value_nullable_pattern] 2025-08-16T13:39:04.120135
[async_value_nullable_pattern] 2025-08-16T13:39:04.490470 Plugin async_value_nullable_pattern threw while analyzing /Users/nilo/Projects/flutter/cinebox_fx/cinebox/lib/ui/splash/splash_screen.dart:
[async_value_nullable_pattern] 2025-08-16T13:39:04.490470 Null check operator used on a null value
[async_value_nullable_pattern] 2025-08-16T13:39:04.490470 #0      ErrorVerifier._checkForMixinWithConflictingPrivateMember (package:analyzer/src/generated/error_verifier.dart:4257:52)
[async_value_nullable_pattern] 2025-08-16T13:39:04.490470 #1      ErrorVerifier._checkClassInheritance (package:analyzer/src/generated/error_verifier.dart:1570:7)
[async_value_nullable_pattern] 2025-08-16T13:39:04.490470 #2      ErrorVerifier.visitClassDeclaration (package:analyzer/src/generated/error_verifier.dart:463:26)
[async_value_nullable_pattern] 2025-08-16T13:39:04.490470 #3      ClassDeclarationImpl.accept (package:analyzer/src/dart/ast/ast.dart:2937:50)
[async_value_nullable_pattern] 2025-08-16T13:39:04.490470 #4      NodeListImpl.accept (package:analyzer/src/dart/ast/ast.dart:13245:20)
[async_value_nullable_pattern] 2025-08-16T13:39:04.490470 #5      CompilationUnitImpl.visitChildren (package:analyzer/src/dart/ast/ast.dart:3613:21)
[async_value_nullable_pattern] 2025-08-16T13:39:04.490470 #6      RecursiveAstVisitor.visitCompilationUnit (package:analyzer/dart/ast/visitor.dart:964:10)
[async_value_nullable_pattern] 2025-08-16T13:39:04.490470 #7      ErrorVerifier.visitCompilationUnit (package:analyzer/src/generated/error_verifier.dart:548:11)
[async_value_nullable_pattern] 2025-08-16T13:39:04.490470 #8      CompilationUnitImpl.accept (package:analyzer/src/dart/ast/ast.dart:3606:50)
[async_value_nullable_pattern] 2025-08-16T13:39:04.490470 #9      LibraryAnalyzer._computeVerifyErrors (package:analyzer/src/dart/analysis/library_analyzer.dart:485:10)
[async_value_nullable_pattern] 2025-08-16T13:39:04.490470 #10     LibraryAnalyzer._computeDiagnostics (package:analyzer/src/dart/analysis/library_analyzer.dart:328:7)
[async_value_nullable_pattern] 2025-08-16T13:39:04.490470 #11     LibraryAnalyzer.analyze.<anonymous closure> (package:analyzer/src/dart/analysis/library_analyzer.dart:126:7)
[async_value_nullable_pattern] 2025-08-16T13:39:04.490470 #12     OperationPerformanceImpl.run (package:analyzer/src/util/performance/operation_performance.dart:155:23)
[async_value_nullable_pattern] 2025-08-16T13:39:04.490470 #13     LibraryAnalyzer.analyze (package:analyzer/src/dart/analysis/library_analyzer.dart:125:17)
[async_value_nullable_pattern] 2025-08-16T13:39:04.490470 #14     AnalysisDriver._analyzeFileImpl.<anonymous closure>.<anonymous closure> (package:analyzer/src/dart/analysis/driver.dart:1417:13)
[async_value_nullable_pattern] 2025-08-16T13:39:04.490470 #15     OperationPerformanceImpl.run (package:analyzer/src/util/performance/operation_performance.dart:155:23)
[async_value_nullable_pattern] 2025-08-16T13:39:04.490470 #16     AnalysisDriver._analyzeFileImpl.<anonymous closure> (package:analyzer/src/dart/analysis/driver.dart:1406:35)
[async_value_nullable_pattern] 2025-08-16T13:39:04.490470 #17     PerformanceLog.run (package:analyzer/src/dart/analysis/performance_logger.dart:38:15)
[async_value_nullable_pattern] 2025-08-16T13:39:04.490470 #18     AnalysisDriver._analyzeFileImpl (package:analyzer/src/dart/analysis/driver.dart:1348:20)
[async_value_nullable_pattern] 2025-08-16T13:39:04.490470 #19     AnalysisDriver._analyzeFile.<anonymous closure> (package:analyzer/src/dart/analysis/driver.dart:1325:9)
[async_value_nullable_pattern] 2025-08-16T13:39:04.490470 #20     OperationPerformanceImpl.run (package:analyzer/src/util/performance/operation_performance.dart:155:23)
[async_value_nullable_pattern] 2025-08-16T13:39:04.490470 #21     AnalysisDriver._analyzeFile (package:analyzer/src/dart/analysis/driver.dart:1322:38)
[async_value_nullable_pattern] 2025-08-16T13:39:04.490470 #22     AnalysisDriver.performWork (package:analyzer/src/dart/analysis/driver.dart:1217:7)
[async_value_nullable_pattern] 2025-08-16T13:39:04.490470 #23     AnalysisDriverScheduler._run (package:analyzer/src/dart/analysis/driver.dart:2659:24)
[async_value_nullable_pattern] 2025-08-16T13:39:04.490470 <asynchronous suspension>
[async_value_nullable_pattern] 2025-08-16T13:39:04.490470
[async_value_nullable_pattern] 2025-08-16T13:39:04.490926 Plugin async_value_nullable_pattern threw while analyzing /Users/nilo/Projects/flutter/cinebox_fx/cinebox/lib/ui/splash/splash_screen.dart:
[async_value_nullable_pattern] 2025-08-16T13:39:04.490926 Null check operator used on a null value
[async_value_nullable_pattern] 2025-08-16T13:39:04.490926 #0      ErrorVerifier._checkForMixinWithConflictingPrivateMember (package:analyzer/src/generated/error_verifier.dart:4257:52)
[async_value_nullable_pattern] 2025-08-16T13:39:04.490926 #1      ErrorVerifier._checkClassInheritance (package:analyzer/src/generated/error_verifier.dart:1570:7)
[async_value_nullable_pattern] 2025-08-16T13:39:04.490926 #2      ErrorVerifier.visitClassDeclaration (package:analyzer/src/generated/error_verifier.dart:463:26)
[async_value_nullable_pattern] 2025-08-16T13:39:04.490926 #3      ClassDeclarationImpl.accept (package:analyzer/src/dart/ast/ast.dart:2937:50)
[async_value_nullable_pattern] 2025-08-16T13:39:04.490926 #4      NodeListImpl.accept (package:analyzer/src/dart/ast/ast.dart:13245:20)
[async_value_nullable_pattern] 2025-08-16T13:39:04.490926 #5      CompilationUnitImpl.visitChildren (package:analyzer/src/dart/ast/ast.dart:3613:21)
[async_value_nullable_pattern] 2025-08-16T13:39:04.490926 #6      RecursiveAstVisitor.visitCompilationUnit (package:analyzer/dart/ast/visitor.dart:964:10)
[async_value_nullable_pattern] 2025-08-16T13:39:04.490926 #7      ErrorVerifier.visitCompilationUnit (package:analyzer/src/generated/error_verifier.dart:548:11)
[async_value_nullable_pattern] 2025-08-16T13:39:04.490926 #8      CompilationUnitImpl.accept (package:analyzer/src/dart/ast/ast.dart:3606:50)
[async_value_nullable_pattern] 2025-08-16T13:39:04.490926 #9      LibraryAnalyzer._computeVerifyErrors (package:analyzer/src/dart/analysis/library_analyzer.dart:485:10)
[async_value_nullable_pattern] 2025-08-16T13:39:04.490926 #10     LibraryAnalyzer._computeDiagnostics (package:analyzer/src/dart/analysis/library_analyzer.dart:328:7)
[async_value_nullable_pattern] 2025-08-16T13:39:04.490926 #11     LibraryAnalyzer.analyze.<anonymous closure> (package:analyzer/src/dart/analysis/library_analyzer.dart:126:7)
[async_value_nullable_pattern] 2025-08-16T13:39:04.490926 #12     OperationPerformanceImpl.run (package:analyzer/src/util/performance/operation_performance.dart:155:23)
[async_value_nullable_pattern] 2025-08-16T13:39:04.490926 #13     LibraryAnalyzer.analyze (package:analyzer/src/dart/analysis/library_analyzer.dart:125:17)
[async_value_nullable_pattern] 2025-08-16T13:39:04.490926 #14     AnalysisDriver._analyzeFileImpl.<anonymous closure>.<anonymous closure> (package:analyzer/src/dart/analysis/driver.dart:1417:13)
[async_value_nullable_pattern] 2025-08-16T13:39:04.490926 #15     OperationPerformanceImpl.run (package:analyzer/src/util/performance/operation_performance.dart:155:23)
[async_value_nullable_pattern] 2025-08-16T13:39:04.490926 #16     AnalysisDriver._analyzeFileImpl.<anonymous closure> (package:analyzer/src/dart/analysis/driver.dart:1406:35)
[async_value_nullable_pattern] 2025-08-16T13:39:04.490926 #17     PerformanceLog.run (package:analyzer/src/dart/analysis/performance_logger.dart:38:15)
[async_value_nullable_pattern] 2025-08-16T13:39:04.490926 #18     AnalysisDriver._analyzeFileImpl (package:analyzer/src/dart/analysis/driver.dart:1348:20)
[async_value_nullable_pattern] 2025-08-16T13:39:04.490926 #19     AnalysisDriver._analyzeFile.<anonymous closure> (package:analyzer/src/dart/analysis/driver.dart:1325:9)
[async_value_nullable_pattern] 2025-08-16T13:39:04.490926 #20     OperationPerformanceImpl.run (package:analyzer/src/util/performance/operation_performance.dart:155:23)
[async_value_nullable_pattern] 2025-08-16T13:39:04.490926 #21     AnalysisDriver._analyzeFile (package:analyzer/src/dart/analysis/driver.dart:1322:38)
[async_value_nullable_pattern] 2025-08-16T13:39:04.490926 #22     AnalysisDriver.performWork (package:analyzer/src/dart/analysis/driver.dart:1217:7)
[async_value_nullable_pattern] 2025-08-16T13:39:04.490926 #23     AnalysisDriverScheduler._run (package:analyzer/src/dart/analysis/driver.dart:2659:24)
[async_value_nullable_pattern] 2025-08-16T13:39:04.490926 <asynchronous suspension>
[async_value_nullable_pattern] 2025-08-16T13:39:04.490926
[async_value_nullable_pattern] 2025-08-16T13:40:38.472233 Plugin async_value_nullable_pattern threw while analyzing /Users/nilo/Projects/flutter/cinebox_fx/cinebox/lib/ui/splash/splash_screen.dart:
[async_value_nullable_pattern] 2025-08-16T13:40:38.472233 Null check operator used on a null value
[async_value_nullable_pattern] 2025-08-16T13:40:38.472233 #0      ErrorVerifier._checkForMixinWithConflictingPrivateMember (package:analyzer/src/generated/error_verifier.dart:4257:52)
[async_value_nullable_pattern] 2025-08-16T13:40:38.472233 #1      ErrorVerifier._checkClassInheritance (package:analyzer/src/generated/error_verifier.dart:1570:7)
[async_value_nullable_pattern] 2025-08-16T13:40:38.472233 #2      ErrorVerifier.visitClassDeclaration (package:analyzer/src/generated/error_verifier.dart:463:26)
[async_value_nullable_pattern] 2025-08-16T13:40:38.472233 #3      ClassDeclarationImpl.accept (package:analyzer/src/dart/ast/ast.dart:2937:50)
[async_value_nullable_pattern] 2025-08-16T13:40:38.472233 #4      NodeListImpl.accept (package:analyzer/src/dart/ast/ast.dart:13245:20)
[async_value_nullable_pattern] 2025-08-16T13:40:38.472233 #5      CompilationUnitImpl.visitChildren (package:analyzer/src/dart/ast/ast.dart:3613:21)
[async_value_nullable_pattern] 2025-08-16T13:40:38.472233 #6      RecursiveAstVisitor.visitCompilationUnit (package:analyzer/dart/ast/visitor.dart:964:10)
[async_value_nullable_pattern] 2025-08-16T13:40:38.472233 #7      ErrorVerifier.visitCompilationUnit (package:analyzer/src/generated/error_verifier.dart:548:11)
[async_value_nullable_pattern] 2025-08-16T13:40:38.472233 #8      CompilationUnitImpl.accept (package:analyzer/src/dart/ast/ast.dart:3606:50)
[async_value_nullable_pattern] 2025-08-16T13:40:38.472233 #9      LibraryAnalyzer._computeVerifyErrors (package:analyzer/src/dart/analysis/library_analyzer.dart:485:10)
[async_value_nullable_pattern] 2025-08-16T13:40:38.472233 #10     LibraryAnalyzer._computeDiagnostics (package:analyzer/src/dart/analysis/library_analyzer.dart:328:7)
[async_value_nullable_pattern] 2025-08-16T13:40:38.472233 #11     LibraryAnalyzer.analyze.<anonymous closure> (package:analyzer/src/dart/analysis/library_analyzer.dart:126:7)
[async_value_nullable_pattern] 2025-08-16T13:40:38.472233 #12     OperationPerformanceImpl.run (package:analyzer/src/util/performance/operation_performance.dart:155:23)
[async_value_nullable_pattern] 2025-08-16T13:40:38.472233 #13     LibraryAnalyzer.analyze (package:analyzer/src/dart/analysis/library_analyzer.dart:125:17)
[async_value_nullable_pattern] 2025-08-16T13:40:38.472233 #14     AnalysisDriver._analyzeFileImpl.<anonymous closure>.<anonymous closure> (package:analyzer/src/dart/analysis/driver.dart:1417:13)
[async_value_nullable_pattern] 2025-08-16T13:40:38.472233 #15     OperationPerformanceImpl.run (package:analyzer/src/util/performance/operation_performance.dart:155:23)
[async_value_nullable_pattern] 2025-08-16T13:40:38.472233 #16     AnalysisDriver._analyzeFileImpl.<anonymous closure> (package:analyzer/src/dart/analysis/driver.dart:1406:35)
[async_value_nullable_pattern] 2025-08-16T13:40:38.472233 #17     PerformanceLog.run (package:analyzer/src/dart/analysis/performance_logger.dart:38:15)
[async_value_nullable_pattern] 2025-08-16T13:40:38.472233 #18     AnalysisDriver._analyzeFileImpl (package:analyzer/src/dart/analysis/driver.dart:1348:20)
[async_value_nullable_pattern] 2025-08-16T13:40:38.472233 #19     AnalysisDriver._analyzeFile.<anonymous closure> (package:analyzer/src/dart/analysis/driver.dart:1325:9)
[async_value_nullable_pattern] 2025-08-16T13:40:38.472233 #20     OperationPerformanceImpl.run (package:analyzer/src/util/performance/operation_performance.dart:155:23)
[async_value_nullable_pattern] 2025-08-16T13:40:38.472233 #21     AnalysisDriver._analyzeFile (package:analyzer/src/dart/analysis/driver.dart:1322:38)
[async_value_nullable_pattern] 2025-08-16T13:40:38.472233 #22     AnalysisDriver.performWork (package:analyzer/src/dart/analysis/driver.dart:1217:7)
[async_value_nullable_pattern] 2025-08-16T13:40:38.472233 #23     AnalysisDriverScheduler._run (package:analyzer/src/dart/analysis/driver.dart:2659:24)
[async_value_nullable_pattern] 2025-08-16T13:40:38.472233 <asynchronous suspension>
[async_value_nullable_pattern] 2025-08-16T13:40:38.472233
[async_value_nullable_pattern] 2025-08-16T13:40:38.472852 Plugin async_value_nullable_pattern threw while analyzing /Users/nilo/Projects/flutter/cinebox_fx/cinebox/lib/ui/splash/splash_screen.dart:
[async_value_nullable_pattern] 2025-08-16T13:40:38.472852 Null check operator used on a null value
[async_value_nullable_pattern] 2025-08-16T13:40:38.472852 #0      ErrorVerifier._checkForMixinWithConflictingPrivateMember (package:analyzer/src/generated/error_verifier.dart:4257:52)
[async_value_nullable_pattern] 2025-08-16T13:40:38.472852 #1      ErrorVerifier._checkClassInheritance (package:analyzer/src/generated/error_verifier.dart:1570:7)
[async_value_nullable_pattern] 2025-08-16T13:40:38.472852 #2      ErrorVerifier.visitClassDeclaration (package:analyzer/src/generated/error_verifier.dart:463:26)
[async_value_nullable_pattern] 2025-08-16T13:40:38.472852 #3      ClassDeclarationImpl.accept (package:analyzer/src/dart/ast/ast.dart:2937:50)
[async_value_nullable_pattern] 2025-08-16T13:40:38.472852 #4      NodeListImpl.accept (package:analyzer/src/dart/ast/ast.dart:13245:20)
[async_value_nullable_pattern] 2025-08-16T13:40:38.472852 #5      CompilationUnitImpl.visitChildren (package:analyzer/src/dart/ast/ast.dart:3613:21)
[async_value_nullable_pattern] 2025-08-16T13:40:38.472852 #6      RecursiveAstVisitor.visitCompilationUnit (package:analyzer/dart/ast/visitor.dart:964:10)
[async_value_nullable_pattern] 2025-08-16T13:40:38.472852 #7      ErrorVerifier.visitCompilationUnit (package:analyzer/src/generated/error_verifier.dart:548:11)
[async_value_nullable_pattern] 2025-08-16T13:40:38.472852 #8      CompilationUnitImpl.accept (package:analyzer/src/dart/ast/ast.dart:3606:50)
[async_value_nullable_pattern] 2025-08-16T13:40:38.472852 #9      LibraryAnalyzer._computeVerifyErrors (package:analyzer/src/dart/analysis/library_analyzer.dart:485:10)
[async_value_nullable_pattern] 2025-08-16T13:40:38.472852 #10     LibraryAnalyzer._computeDiagnostics (package:analyzer/src/dart/analysis/library_analyzer.dart:328:7)
[async_value_nullable_pattern] 2025-08-16T13:40:38.472852 #11     LibraryAnalyzer.analyze.<anonymous closure> (package:analyzer/src/dart/analysis/library_analyzer.dart:126:7)
[async_value_nullable_pattern] 2025-08-16T13:40:38.472852 #12     OperationPerformanceImpl.run (package:analyzer/src/util/performance/operation_performance.dart:155:23)
[async_value_nullable_pattern] 2025-08-16T13:40:38.472852 #13     LibraryAnalyzer.analyze (package:analyzer/src/dart/analysis/library_analyzer.dart:125:17)
[async_value_nullable_pattern] 2025-08-16T13:40:38.472852 #14     AnalysisDriver._analyzeFileImpl.<anonymous closure>.<anonymous closure> (package:analyzer/src/dart/analysis/driver.dart:1417:13)
[async_value_nullable_pattern] 2025-08-16T13:40:38.472852 #15     OperationPerformanceImpl.run (package:analyzer/src/util/performance/operation_performance.dart:155:23)
[async_value_nullable_pattern] 2025-08-16T13:40:38.472852 #16     AnalysisDriver._analyzeFileImpl.<anonymous closure> (package:analyzer/src/dart/analysis/driver.dart:1406:35)
[async_value_nullable_pattern] 2025-08-16T13:40:38.472852 #17     PerformanceLog.run (package:analyzer/src/dart/analysis/performance_logger.dart:38:15)
[async_value_nullable_pattern] 2025-08-16T13:40:38.472852 #18     AnalysisDriver._analyzeFileImpl (package:analyzer/src/dart/analysis/driver.dart:1348:20)
[async_value_nullable_pattern] 2025-08-16T13:40:38.472852 #19     AnalysisDriver._analyzeFile.<anonymous closure> (package:analyzer/src/dart/analysis/driver.dart:1325:9)
[async_value_nullable_pattern] 2025-08-16T13:40:38.472852 #20     OperationPerformanceImpl.run (package:analyzer/src/util/performance/operation_performance.dart:155:23)
[async_value_nullable_pattern] 2025-08-16T13:40:38.472852 #21     AnalysisDriver._analyzeFile (package:analyzer/src/dart/analysis/driver.dart:1322:38)
[async_value_nullable_pattern] 2025-08-16T13:40:38.472852 #22     AnalysisDriver.performWork (package:analyzer/src/dart/analysis/driver.dart:1217:7)
[async_value_nullable_pattern] 2025-08-16T13:40:38.472852 #23     AnalysisDriverScheduler._run (package:analyzer/src/dart/analysis/driver.dart:2659:24)
[async_value_nullable_pattern] 2025-08-16T13:40:38.472852 <asynchronous suspension>
[async_value_nullable_pattern] 2025-08-16T13:40:38.472852
[async_value_nullable_pattern] 2025-08-16T13:40:38.778022 Plugin async_value_nullable_pattern threw while analyzing /Users/nilo/Projects/flutter/cinebox_fx/cinebox/lib/ui/splash/splash_screen.dart:
[async_value_nullable_pattern] 2025-08-16T13:40:38.778022 Null check operator used on a null value
[async_value_nullable_pattern] 2025-08-16T13:40:38.778022 #0      ErrorVerifier._checkForMixinWithConflictingPrivateMember (package:analyzer/src/generated/error_verifier.dart:4257:52)
[async_value_nullable_pattern] 2025-08-16T13:40:38.778022 #1      ErrorVerifier._checkClassInheritance (package:analyzer/src/generated/error_verifier.dart:1570:7)
[async_value_nullable_pattern] 2025-08-16T13:40:38.778022 #2      ErrorVerifier.visitClassDeclaration (package:analyzer/src/generated/error_verifier.dart:463:26)
[async_value_nullable_pattern] 2025-08-16T13:40:38.778022 #3      ClassDeclarationImpl.accept (package:analyzer/src/dart/ast/ast.dart:2937:50)
[async_value_nullable_pattern] 2025-08-16T13:40:38.778022 #4      NodeListImpl.accept (package:analyzer/src/dart/ast/ast.dart:13245:20)
[async_value_nullable_pattern] 2025-08-16T13:40:38.778022 #5      CompilationUnitImpl.visitChildren (package:analyzer/src/dart/ast/ast.dart:3613:21)
[async_value_nullable_pattern] 2025-08-16T13:40:38.778022 #6      RecursiveAstVisitor.visitCompilationUnit (package:analyzer/dart/ast/visitor.dart:964:10)
[async_value_nullable_pattern] 2025-08-16T13:40:38.778022 #7      ErrorVerifier.visitCompilationUnit (package:analyzer/src/generated/error_verifier.dart:548:11)
[async_value_nullable_pattern] 2025-08-16T13:40:38.778022 #8      CompilationUnitImpl.accept (package:analyzer/src/dart/ast/ast.dart:3606:50)
[async_value_nullable_pattern] 2025-08-16T13:40:38.778022 #9      LibraryAnalyzer._computeVerifyErrors (package:analyzer/src/dart/analysis/library_analyzer.dart:485:10)
[async_value_nullable_pattern] 2025-08-16T13:40:38.778022 #10     LibraryAnalyzer._computeDiagnostics (package:analyzer/src/dart/analysis/library_analyzer.dart:328:7)
[async_value_nullable_pattern] 2025-08-16T13:40:38.778022 #11     LibraryAnalyzer.analyze.<anonymous closure> (package:analyzer/src/dart/analysis/library_analyzer.dart:126:7)
[async_value_nullable_pattern] 2025-08-16T13:40:38.778022 #12     OperationPerformanceImpl.run (package:analyzer/src/util/performance/operation_performance.dart:155:23)
[async_value_nullable_pattern] 2025-08-16T13:40:38.778022 #13     LibraryAnalyzer.analyze (package:analyzer/src/dart/analysis/library_analyzer.dart:125:17)
[async_value_nullable_pattern] 2025-08-16T13:40:38.778022 #14     AnalysisDriver._analyzeFileImpl.<anonymous closure>.<anonymous closure> (package:analyzer/src/dart/analysis/driver.dart:1417:13)
[async_value_nullable_pattern] 2025-08-16T13:40:38.778022 #15     OperationPerformanceImpl.run (package:analyzer/src/util/performance/operation_performance.dart:155:23)
[async_value_nullable_pattern] 2025-08-16T13:40:38.778022 #16     AnalysisDriver._analyzeFileImpl.<anonymous closure> (package:analyzer/src/dart/analysis/driver.dart:1406:35)
[async_value_nullable_pattern] 2025-08-16T13:40:38.778022 #17     PerformanceLog.run (package:analyzer/src/dart/analysis/performance_logger.dart:38:15)
[async_value_nullable_pattern] 2025-08-16T13:40:38.778022 #18     AnalysisDriver._analyzeFileImpl (package:analyzer/src/dart/analysis/driver.dart:1348:20)
[async_value_nullable_pattern] 2025-08-16T13:40:38.778022 #19     AnalysisDriver._analyzeFile.<anonymous closure> (package:analyzer/src/dart/analysis/driver.dart:1325:9)
[async_value_nullable_pattern] 2025-08-16T13:40:38.778022 #20     OperationPerformanceImpl.run (package:analyzer/src/util/performance/operation_performance.dart:155:23)
[async_value_nullable_pattern] 2025-08-16T13:40:38.778022 #21     AnalysisDriver._analyzeFile (package:analyzer/src/dart/analysis/driver.dart:1322:38)
[async_value_nullable_pattern] 2025-08-16T13:40:38.778022 #22     AnalysisDriver.performWork (package:analyzer/src/dart/analysis/driver.dart:1217:7)
[async_value_nullable_pattern] 2025-08-16T13:40:38.778022 #23     AnalysisDriverScheduler._run (package:analyzer/src/dart/analysis/driver.dart:2659:24)
[async_value_nullable_pattern] 2025-08-16T13:40:38.778022 <asynchronous suspension>
[async_value_nullable_pattern] 2025-08-16T13:40:38.778022
[async_value_nullable_pattern] 2025-08-16T13:40:38.778395 Plugin async_value_nullable_pattern threw while analyzing /Users/nilo/Projects/flutter/cinebox_fx/cinebox/lib/ui/splash/splash_screen.dart:
[async_value_nullable_pattern] 2025-08-16T13:40:38.778395 Null check operator used on a null value
[async_value_nullable_pattern] 2025-08-16T13:40:38.778395 #0      ErrorVerifier._checkForMixinWithConflictingPrivateMember (package:analyzer/src/generated/error_verifier.dart:4257:52)
[async_value_nullable_pattern] 2025-08-16T13:40:38.778395 #1      ErrorVerifier._checkClassInheritance (package:analyzer/src/generated/error_verifier.dart:1570:7)
[async_value_nullable_pattern] 2025-08-16T13:40:38.778395 #2      ErrorVerifier.visitClassDeclaration (package:analyzer/src/generated/error_verifier.dart:463:26)
[async_value_nullable_pattern] 2025-08-16T13:40:38.778395 #3      ClassDeclarationImpl.accept (package:analyzer/src/dart/ast/ast.dart:2937:50)
[async_value_nullable_pattern] 2025-08-16T13:40:38.778395 #4      NodeListImpl.accept (package:analyzer/src/dart/ast/ast.dart:13245:20)
[async_value_nullable_pattern] 2025-08-16T13:40:38.778395 #5      CompilationUnitImpl.visitChildren (package:analyzer/src/dart/ast/ast.dart:3613:21)
[async_value_nullable_pattern] 2025-08-16T13:40:38.778395 #6      RecursiveAstVisitor.visitCompilationUnit (package:analyzer/dart/ast/visitor.dart:964:10)
[async_value_nullable_pattern] 2025-08-16T13:40:38.778395 #7      ErrorVerifier.visitCompilationUnit (package:analyzer/src/generated/error_verifier.dart:548:11)
[async_value_nullable_pattern] 2025-08-16T13:40:38.778395 #8      CompilationUnitImpl.accept (package:analyzer/src/dart/ast/ast.dart:3606:50)
[async_value_nullable_pattern] 2025-08-16T13:40:38.778395 #9      LibraryAnalyzer._computeVerifyErrors (package:analyzer/src/dart/analysis/library_analyzer.dart:485:10)
[async_value_nullable_pattern] 2025-08-16T13:40:38.778395 #10     LibraryAnalyzer._computeDiagnostics (package:analyzer/src/dart/analysis/library_analyzer.dart:328:7)
[async_value_nullable_pattern] 2025-08-16T13:40:38.778395 #11     LibraryAnalyzer.analyze.<anonymous closure> (package:analyzer/src/dart/analysis/library_analyzer.dart:126:7)
[async_value_nullable_pattern] 2025-08-16T13:40:38.778395 #12     OperationPerformanceImpl.run (package:analyzer/src/util/performance/operation_performance.dart:155:23)
[async_value_nullable_pattern] 2025-08-16T13:40:38.778395 #13     LibraryAnalyzer.analyze (package:analyzer/src/dart/analysis/library_analyzer.dart:125:17)
[async_value_nullable_pattern] 2025-08-16T13:40:38.778395 #14     AnalysisDriver._analyzeFileImpl.<anonymous closure>.<anonymous closure> (package:analyzer/src/dart/analysis/driver.dart:1417:13)
[async_value_nullable_pattern] 2025-08-16T13:40:38.778395 #15     OperationPerformanceImpl.run (package:analyzer/src/util/performance/operation_performance.dart:155:23)
[async_value_nullable_pattern] 2025-08-16T13:40:38.778395 #16     AnalysisDriver._analyzeFileImpl.<anonymous closure> (package:analyzer/src/dart/analysis/driver.dart:1406:35)
[async_value_nullable_pattern] 2025-08-16T13:40:38.778395 #17     PerformanceLog.run (package:analyzer/src/dart/analysis/performance_logger.dart:38:15)
[async_value_nullable_pattern] 2025-08-16T13:40:38.778395 #18     AnalysisDriver._analyzeFileImpl (package:analyzer/src/dart/analysis/driver.dart:1348:20)
[async_value_nullable_pattern] 2025-08-16T13:40:38.778395 #19     AnalysisDriver._analyzeFile.<anonymous closure> (package:analyzer/src/dart/analysis/driver.dart:1325:9)
[async_value_nullable_pattern] 2025-08-16T13:40:38.778395 #20     OperationPerformanceImpl.run (package:analyzer/src/util/performance/operation_performance.dart:155:23)
[async_value_nullable_pattern] 2025-08-16T13:40:38.778395 #21     AnalysisDriver._analyzeFile (package:analyzer/src/dart/analysis/driver.dart:1322:38)
[async_value_nullable_pattern] 2025-08-16T13:40:38.778395 #22     AnalysisDriver.performWork (package:analyzer/src/dart/analysis/driver.dart:1217:7)
[async_value_nullable_pattern] 2025-08-16T13:40:38.778395 #23     AnalysisDriverScheduler._run (package:analyzer/src/dart/analysis/driver.dart:2659:24)
[async_value_nullable_pattern] 2025-08-16T13:40:38.778395 <asynchronous suspension>
[async_value_nullable_pattern] 2025-08-16T13:40:38.778395
[async_value_nullable_pattern] 2025-08-16T13:41:26.219141 Plugin async_value_nullable_pattern threw while analyzing /Users/nilo/Projects/flutter/cinebox_fx/cinebox/lib/ui/splash/splash_screen.dart:
[async_value_nullable_pattern] 2025-08-16T13:41:26.219141 Null check operator used on a null value
[async_value_nullable_pattern] 2025-08-16T13:41:26.219141 #0      ErrorVerifier._checkForMixinWithConflictingPrivateMember (package:analyzer/src/generated/error_verifier.dart:4257:52)
[async_value_nullable_pattern] 2025-08-16T13:41:26.219141 #1      ErrorVerifier._checkClassInheritance (package:analyzer/src/generated/error_verifier.dart:1570:7)
[async_value_nullable_pattern] 2025-08-16T13:41:26.219141 #2      ErrorVerifier.visitClassDeclaration (package:analyzer/src/generated/error_verifier.dart:463:26)
[async_value_nullable_pattern] 2025-08-16T13:41:26.219141 #3      ClassDeclarationImpl.accept (package:analyzer/src/dart/ast/ast.dart:2937:50)
[async_value_nullable_pattern] 2025-08-16T13:41:26.219141 #4      NodeListImpl.accept (package:analyzer/src/dart/ast/ast.dart:13245:20)
[async_value_nullable_pattern] 2025-08-16T13:41:26.219141 #5      CompilationUnitImpl.visitChildren (package:analyzer/src/dart/ast/ast.dart:3613:21)
[async_value_nullable_pattern] 2025-08-16T13:41:26.219141 #6      RecursiveAstVisitor.visitCompilationUnit (package:analyzer/dart/ast/visitor.dart:964:10)
[async_value_nullable_pattern] 2025-08-16T13:41:26.219141 #7      ErrorVerifier.visitCompilationUnit (package:analyzer/src/generated/error_verifier.dart:548:11)
[async_value_nullable_pattern] 2025-08-16T13:41:26.219141 #8      CompilationUnitImpl.accept (package:analyzer/src/dart/ast/ast.dart:3606:50)
[async_value_nullable_pattern] 2025-08-16T13:41:26.219141 #9      LibraryAnalyzer._computeVerifyErrors (package:analyzer/src/dart/analysis/library_analyzer.dart:485:10)
[async_value_nullable_pattern] 2025-08-16T13:41:26.219141 #10     LibraryAnalyzer._computeDiagnostics (package:analyzer/src/dart/analysis/library_analyzer.dart:328:7)
[async_value_nullable_pattern] 2025-08-16T13:41:26.219141 #11     LibraryAnalyzer.analyze.<anonymous closure> (package:analyzer/src/dart/analysis/library_analyzer.dart:126:7)
[async_value_nullable_pattern] 2025-08-16T13:41:26.219141 #12     OperationPerformanceImpl.run (package:analyzer/src/util/performance/operation_performance.dart:155:23)
[async_value_nullable_pattern] 2025-08-16T13:41:26.219141 #13     LibraryAnalyzer.analyze (package:analyzer/src/dart/analysis/library_analyzer.dart:125:17)
[async_value_nullable_pattern] 2025-08-16T13:41:26.219141 #14     AnalysisDriver._analyzeFileImpl.<anonymous closure>.<anonymous closure> (package:analyzer/src/dart/analysis/driver.dart:1417:13)
[async_value_nullable_pattern] 2025-08-16T13:41:26.219141 #15     OperationPerformanceImpl.run (package:analyzer/src/util/performance/operation_performance.dart:155:23)
[async_value_nullable_pattern] 2025-08-16T13:41:26.219141 #16     AnalysisDriver._analyzeFileImpl.<anonymous closure> (package:analyzer/src/dart/analysis/driver.dart:1406:35)
[async_value_nullable_pattern] 2025-08-16T13:41:26.219141 #17     PerformanceLog.run (package:analyzer/src/dart/analysis/performance_logger.dart:38:15)
[async_value_nullable_pattern] 2025-08-16T13:41:26.219141 #18     AnalysisDriver._analyzeFileImpl (package:analyzer/src/dart/analysis/driver.dart:1348:20)
[async_value_nullable_pattern] 2025-08-16T13:41:26.219141 #19     AnalysisDriver._analyzeFile.<anonymous closure> (package:analyzer/src/dart/analysis/driver.dart:1325:9)
[async_value_nullable_pattern] 2025-08-16T13:41:26.219141 #20     OperationPerformanceImpl.run (package:analyzer/src/util/performance/operation_performance.dart:155:23)
[async_value_nullable_pattern] 2025-08-16T13:41:26.219141 #21     AnalysisDriver._analyzeFile (package:analyzer/src/dart/analysis/driver.dart:1322:38)
[async_value_nullable_pattern] 2025-08-16T13:41:26.219141 #22     AnalysisDriver.performWork (package:analyzer/src/dart/analysis/driver.dart:1217:7)
[async_value_nullable_pattern] 2025-08-16T13:41:26.219141 #23     AnalysisDriverScheduler._run (package:analyzer/src/dart/analysis/driver.dart:2659:24)
[async_value_nullable_pattern] 2025-08-16T13:41:26.219141 <asynchronous suspension>
[async_value_nullable_pattern] 2025-08-16T13:41:26.219141
[async_value_nullable_pattern] 2025-08-16T13:41:26.219505 Plugin async_value_nullable_pattern threw while analyzing /Users/nilo/Projects/flutter/cinebox_fx/cinebox/lib/ui/splash/splash_screen.dart:
[async_value_nullable_pattern] 2025-08-16T13:41:26.219505 Null check operator used on a null value
[async_value_nullable_pattern] 2025-08-16T13:41:26.219505 #0      ErrorVerifier._checkForMixinWithConflictingPrivateMember (package:analyzer/src/generated/error_verifier.dart:4257:52)
[async_value_nullable_pattern] 2025-08-16T13:41:26.219505 #1      ErrorVerifier._checkClassInheritance (package:analyzer/src/generated/error_verifier.dart:1570:7)
[async_value_nullable_pattern] 2025-08-16T13:41:26.219505 #2      ErrorVerifier.visitClassDeclaration (package:analyzer/src/generated/error_verifier.dart:463:26)
[async_value_nullable_pattern] 2025-08-16T13:41:26.219505 #3      ClassDeclarationImpl.accept (package:analyzer/src/dart/ast/ast.dart:2937:50)
[async_value_nullable_pattern] 2025-08-16T13:41:26.219505 #4      NodeListImpl.accept (package:analyzer/src/dart/ast/ast.dart:13245:20)
[async_value_nullable_pattern] 2025-08-16T13:41:26.219505 #5      CompilationUnitImpl.visitChildren (package:analyzer/src/dart/ast/ast.dart:3613:21)
[async_value_nullable_pattern] 2025-08-16T13:41:26.219505 #6      RecursiveAstVisitor.visitCompilationUnit (package:analyzer/dart/ast/visitor.dart:964:10)
[async_value_nullable_pattern] 2025-08-16T13:41:26.219505 #7      ErrorVerifier.visitCompilationUnit (package:analyzer/src/generated/error_verifier.dart:548:11)
[async_value_nullable_pattern] 2025-08-16T13:41:26.219505 #8      CompilationUnitImpl.accept (package:analyzer/src/dart/ast/ast.dart:3606:50)
[async_value_nullable_pattern] 2025-08-16T13:41:26.219505 #9      LibraryAnalyzer._computeVerifyErrors (package:analyzer/src/dart/analysis/library_analyzer.dart:485:10)
[async_value_nullable_pattern] 2025-08-16T13:41:26.219505 #10     LibraryAnalyzer._computeDiagnostics (package:analyzer/src/dart/analysis/library_analyzer.dart:328:7)
[async_value_nullable_pattern] 2025-08-16T13:41:26.219505 #11     LibraryAnalyzer.analyze.<anonymous closure> (package:analyzer/src/dart/analysis/library_analyzer.dart:126:7)
[async_value_nullable_pattern] 2025-08-16T13:41:26.219505 #12     OperationPerformanceImpl.run (package:analyzer/src/util/performance/operation_performance.dart:155:23)
[async_value_nullable_pattern] 2025-08-16T13:41:26.219505 #13     LibraryAnalyzer.analyze (package:analyzer/src/dart/analysis/library_analyzer.dart:125:17)
[async_value_nullable_pattern] 2025-08-16T13:41:26.219505 #14     AnalysisDriver._analyzeFileImpl.<anonymous closure>.<anonymous closure> (package:analyzer/src/dart/analysis/driver.dart:1417:13)
[async_value_nullable_pattern] 2025-08-16T13:41:26.219505 #15     OperationPerformanceImpl.run (package:analyzer/src/util/performance/operation_performance.dart:155:23)
[async_value_nullable_pattern] 2025-08-16T13:41:26.219505 #16     AnalysisDriver._analyzeFileImpl.<anonymous closure> (package:analyzer/src/dart/analysis/driver.dart:1406:35)
[async_value_nullable_pattern] 2025-08-16T13:41:26.219505 #17     PerformanceLog.run (package:analyzer/src/dart/analysis/performance_logger.dart:38:15)
[async_value_nullable_pattern] 2025-08-16T13:41:26.219505 #18     AnalysisDriver._analyzeFileImpl (package:analyzer/src/dart/analysis/driver.dart:1348:20)
[async_value_nullable_pattern] 2025-08-16T13:41:26.219505 #19     AnalysisDriver._analyzeFile.<anonymous closure> (package:analyzer/src/dart/analysis/driver.dart:1325:9)
[async_value_nullable_pattern] 2025-08-16T13:41:26.219505 #20     OperationPerformanceImpl.run (package:analyzer/src/util/performance/operation_performance.dart:155:23)
[async_value_nullable_pattern] 2025-08-16T13:41:26.219505 #21     AnalysisDriver._analyzeFile (package:analyzer/src/dart/analysis/driver.dart:1322:38)
[async_value_nullable_pattern] 2025-08-16T13:41:26.219505 #22     AnalysisDriver.performWork (package:analyzer/src/dart/analysis/driver.dart:1217:7)
[async_value_nullable_pattern] 2025-08-16T13:41:26.219505 #23     AnalysisDriverScheduler._run (package:analyzer/src/dart/analysis/driver.dart:2659:24)
[async_value_nullable_pattern] 2025-08-16T13:41:26.219505 <asynchronous suspension>
[async_value_nullable_pattern] 2025-08-16T13:41:26.219505
[async_value_nullable_pattern] 2025-08-16T13:41:26.988447 Plugin async_value_nullable_pattern threw while analyzing /Users/nilo/Projects/flutter/cinebox_fx/cinebox/lib/ui/splash/splash_screen.dart:
[async_value_nullable_pattern] 2025-08-16T13:41:26.988447 Null check operator used on a null value
[async_value_nullable_pattern] 2025-08-16T13:41:26.988447 #0      ErrorVerifier._checkForMixinWithConflictingPrivateMember (package:analyzer/src/generated/error_verifier.dart:4257:52)
[async_value_nullable_pattern] 2025-08-16T13:41:26.988447 #1      ErrorVerifier._checkClassInheritance (package:analyzer/src/generated/error_verifier.dart:1570:7)
[async_value_nullable_pattern] 2025-08-16T13:41:26.988447 #2      ErrorVerifier.visitClassDeclaration (package:analyzer/src/generated/error_verifier.dart:463:26)
[async_value_nullable_pattern] 2025-08-16T13:41:26.988447 #3      ClassDeclarationImpl.accept (package:analyzer/src/dart/ast/ast.dart:2937:50)
[async_value_nullable_pattern] 2025-08-16T13:41:26.988447 #4      NodeListImpl.accept (package:analyzer/src/dart/ast/ast.dart:13245:20)
[async_value_nullable_pattern] 2025-08-16T13:41:26.988447 #5      CompilationUnitImpl.visitChildren (package:analyzer/src/dart/ast/ast.dart:3613:21)
[async_value_nullable_pattern] 2025-08-16T13:41:26.988447 #6      RecursiveAstVisitor.visitCompilationUnit (package:analyzer/dart/ast/visitor.dart:964:10)
[async_value_nullable_pattern] 2025-08-16T13:41:26.988447 #7      ErrorVerifier.visitCompilationUnit (package:analyzer/src/generated/error_verifier.dart:548:11)
[async_value_nullable_pattern] 2025-08-16T13:41:26.988447 #8      CompilationUnitImpl.accept (package:analyzer/src/dart/ast/ast.dart:3606:50)
[async_value_nullable_pattern] 2025-08-16T13:41:26.988447 #9      LibraryAnalyzer._computeVerifyErrors (package:analyzer/src/dart/analysis/library_analyzer.dart:485:10)
[async_value_nullable_pattern] 2025-08-16T13:41:26.988447 #10     LibraryAnalyzer._computeDiagnostics (package:analyzer/src/dart/analysis/library_analyzer.dart:328:7)
[async_value_nullable_pattern] 2025-08-16T13:41:26.988447 #11     LibraryAnalyzer.analyze.<anonymous closure> (package:analyzer/src/dart/analysis/library_analyzer.dart:126:7)
[async_value_nullable_pattern] 2025-08-16T13:41:26.988447 #12     OperationPerformanceImpl.run (package:analyzer/src/util/performance/operation_performance.dart:155:23)
[async_value_nullable_pattern] 2025-08-16T13:41:26.988447 #13     LibraryAnalyzer.analyze (package:analyzer/src/dart/analysis/library_analyzer.dart:125:17)
[async_value_nullable_pattern] 2025-08-16T13:41:26.988447 #14     AnalysisDriver._analyzeFileImpl.<anonymous closure>.<anonymous closure> (package:analyzer/src/dart/analysis/driver.dart:1417:13)
[async_value_nullable_pattern] 2025-08-16T13:41:26.988447 #15     OperationPerformanceImpl.run (package:analyzer/src/util/performance/operation_performance.dart:155:23)
[async_value_nullable_pattern] 2025-08-16T13:41:26.988447 #16     AnalysisDriver._analyzeFileImpl.<anonymous closure> (package:analyzer/src/dart/analysis/driver.dart:1406:35)
[async_value_nullable_pattern] 2025-08-16T13:41:26.988447 #17     PerformanceLog.run (package:analyzer/src/dart/analysis/performance_logger.dart:38:15)
[async_value_nullable_pattern] 2025-08-16T13:41:26.988447 #18     AnalysisDriver._analyzeFileImpl (package:analyzer/src/dart/analysis/driver.dart:1348:20)
[async_value_nullable_pattern] 2025-08-16T13:41:26.988447 #19     AnalysisDriver._analyzeFile.<anonymous closure> (package:analyzer/src/dart/analysis/driver.dart:1325:9)
[async_value_nullable_pattern] 2025-08-16T13:41:26.988447 #20     OperationPerformanceImpl.run (package:analyzer/src/util/performance/operation_performance.dart:155:23)
[async_value_nullable_pattern] 2025-08-16T13:41:26.988447 #21     AnalysisDriver._analyzeFile (package:analyzer/src/dart/analysis/driver.dart:1322:38)
[async_value_nullable_pattern] 2025-08-16T13:41:26.988447 #22     AnalysisDriver.performWork (package:analyzer/src/dart/analysis/driver.dart:1217:7)
[async_value_nullable_pattern] 2025-08-16T13:41:26.988447 #23     AnalysisDriverScheduler._run (package:analyzer/src/dart/analysis/driver.dart:2659:24)
[async_value_nullable_pattern] 2025-08-16T13:41:26.988447 <asynchronous suspension>
[async_value_nullable_pattern] 2025-08-16T13:41:26.988447
[async_value_nullable_pattern] 2025-08-16T13:41:26.988856 Plugin async_value_nullable_pattern threw while analyzing /Users/nilo/Projects/flutter/cinebox_fx/cinebox/lib/ui/splash/splash_screen.dart:
[async_value_nullable_pattern] 2025-08-16T13:41:26.988856 Null check operator used on a null value
[async_value_nullable_pattern] 2025-08-16T13:41:26.988856 #0      ErrorVerifier._checkForMixinWithConflictingPrivateMember (package:analyzer/src/generated/error_verifier.dart:4257:52)
[async_value_nullable_pattern] 2025-08-16T13:41:26.988856 #1      ErrorVerifier._checkClassInheritance (package:analyzer/src/generated/error_verifier.dart:1570:7)
[async_value_nullable_pattern] 2025-08-16T13:41:26.988856 #2      ErrorVerifier.visitClassDeclaration (package:analyzer/src/generated/error_verifier.dart:463:26)
[async_value_nullable_pattern] 2025-08-16T13:41:26.988856 #3      ClassDeclarationImpl.accept (package:analyzer/src/dart/ast/ast.dart:2937:50)
[async_value_nullable_pattern] 2025-08-16T13:41:26.988856 #4      NodeListImpl.accept (package:analyzer/src/dart/ast/ast.dart:13245:20)
[async_value_nullable_pattern] 2025-08-16T13:41:26.988856 #5      CompilationUnitImpl.visitChildren (package:analyzer/src/dart/ast/ast.dart:3613:21)
[async_value_nullable_pattern] 2025-08-16T13:41:26.988856 #6      RecursiveAstVisitor.visitCompilationUnit (package:analyzer/dart/ast/visitor.dart:964:10)
[async_value_nullable_pattern] 2025-08-16T13:41:26.988856 #7      ErrorVerifier.visitCompilationUnit (package:analyzer/src/generated/error_verifier.dart:548:11)
[async_value_nullable_pattern] 2025-08-16T13:41:26.988856 #8      CompilationUnitImpl.accept (package:analyzer/src/dart/ast/ast.dart:3606:50)
[async_value_nullable_pattern] 2025-08-16T13:41:26.988856 #9      LibraryAnalyzer._computeVerifyErrors (package:analyzer/src/dart/analysis/library_analyzer.dart:485:10)
[async_value_nullable_pattern] 2025-08-16T13:41:26.988856 #10     LibraryAnalyzer._computeDiagnostics (package:analyzer/src/dart/analysis/library_analyzer.dart:328:7)
[async_value_nullable_pattern] 2025-08-16T13:41:26.988856 #11     LibraryAnalyzer.analyze.<anonymous closure> (package:analyzer/src/dart/analysis/library_analyzer.dart:126:7)
[async_value_nullable_pattern] 2025-08-16T13:41:26.988856 #12     OperationPerformanceImpl.run (package:analyzer/src/util/performance/operation_performance.dart:155:23)
[async_value_nullable_pattern] 2025-08-16T13:41:26.988856 #13     LibraryAnalyzer.analyze (package:analyzer/src/dart/analysis/library_analyzer.dart:125:17)
[async_value_nullable_pattern] 2025-08-16T13:41:26.988856 #14     AnalysisDriver._analyzeFileImpl.<anonymous closure>.<anonymous closure> (package:analyzer/src/dart/analysis/driver.dart:1417:13)
[async_value_nullable_pattern] 2025-08-16T13:41:26.988856 #15     OperationPerformanceImpl.run (package:analyzer/src/util/performance/operation_performance.dart:155:23)
[async_value_nullable_pattern] 2025-08-16T13:41:26.988856 #16     AnalysisDriver._analyzeFileImpl.<anonymous closure> (package:analyzer/src/dart/analysis/driver.dart:1406:35)
[async_value_nullable_pattern] 2025-08-16T13:41:26.988856 #17     PerformanceLog.run (package:analyzer/src/dart/analysis/performance_logger.dart:38:15)
[async_value_nullable_pattern] 2025-08-16T13:41:26.988856 #18     AnalysisDriver._analyzeFileImpl (package:analyzer/src/dart/analysis/driver.dart:1348:20)
[async_value_nullable_pattern] 2025-08-16T13:41:26.988856 #19     AnalysisDriver._analyzeFile.<anonymous closure> (package:analyzer/src/dart/analysis/driver.dart:1325:9)
[async_value_nullable_pattern] 2025-08-16T13:41:26.988856 #20     OperationPerformanceImpl.run (package:analyzer/src/util/performance/operation_performance.dart:155:23)
[async_value_nullable_pattern] 2025-08-16T13:41:26.988856 #21     AnalysisDriver._analyzeFile (package:analyzer/src/dart/analysis/driver.dart:1322:38)
[async_value_nullable_pattern] 2025-08-16T13:41:26.988856 #22     AnalysisDriver.performWork (package:analyzer/src/dart/analysis/driver.dart:1217:7)
[async_value_nullable_pattern] 2025-08-16T13:41:26.988856 #23     AnalysisDriverScheduler._run (package:analyzer/src/dart/analysis/driver.dart:2659:24)
[async_value_nullable_pattern] 2025-08-16T13:41:26.988856 <asynchronous suspension>
[async_value_nullable_pattern] 2025-08-16T13:41:26.988856
[custom_lint client] 2025-08-20T22:28:27.158156 Null check operator used on a null value
[custom_lint client] 2025-08-20T22:28:27.158156 #0      RiverpodAnnotationElement._parse.<anonymous closure> (package:riverpod_analyzer_utils/src/nodes/annotation.dart:133:43)
[custom_lint client] 2025-08-20T22:28:27.158156 #1      _Cache.call (package:riverpod_analyzer_utils/src/nodes.dart:69:27)
[custom_lint client] 2025-08-20T22:28:27.158156 #2      RiverpodAnnotationElement._parse (package:riverpod_analyzer_utils/src/nodes/annotation.dart:104:18)
[custom_lint client] 2025-08-20T22:28:27.158156 #3      RiverpodAnnotatedAnnotatedNodeX.riverpod.<anonymous closure> (package:riverpod_analyzer_utils/src/nodes/annotation.dart:39:37)
[custom_lint client] 2025-08-20T22:28:27.158156 #4      ExpandoUtils.upsert (package:riverpod_analyzer_utils/src/analyzer_utils.dart:31:27)
[custom_lint client] 2025-08-20T22:28:27.158156 #5      RiverpodAnnotatedAnnotatedNodeX.riverpod (package:riverpod_analyzer_utils/src/nodes/annotation.dart:34:19)
[custom_lint client] 2025-08-20T22:28:27.158156 #6      RiverpodAnnotatedAnnotatedNodeOfX.riverpod.<anonymous closure>.<anonymous closure> (package:riverpod_analyzer_utils/src/nodes/annotation.dart:8:36)
[custom_lint client] 2025-08-20T22:28:27.158156 #7      MappedListIterable.elementAt (dart:_internal/iterable.dart:442:31)
[custom_lint client] 2025-08-20T22:28:27.158156 #8      ListIterator.moveNext (dart:_internal/iterable.dart:371:26)
[custom_lint client] 2025-08-20T22:28:27.158156 #9      NonNullsIterator.moveNext (dart:_internal/iterable.dart:943:20)
[custom_lint client] 2025-08-20T22:28:27.158156 #10     IterableExtension.firstOrNull (package:collection/src/iterable_extensions.dart:275:18)
[custom_lint client] 2025-08-20T22:28:27.158156 #11     RiverpodAnnotatedAnnotatedNodeOfX.riverpod.<anonymous closure> (package:riverpod_analyzer_utils/src/nodes/annotation.dart:8:55)
[custom_lint client] 2025-08-20T22:28:27.158156 #12     ExpandoUtils.upsert (package:riverpod_analyzer_utils/src/analyzer_utils.dart:31:27)
[custom_lint client] 2025-08-20T22:28:27.158156 #13     RiverpodAnnotatedAnnotatedNodeOfX.riverpod (package:riverpod_analyzer_utils/src/nodes/annotation.dart:7:19)
[custom_lint client] 2025-08-20T22:28:27.158156 #14     FunctionalProviderDeclarationX.provider.<anonymous closure> (package:riverpod_analyzer_utils/src/nodes/providers/function.dart:12:29)
[custom_lint client] 2025-08-20T22:28:27.158156 #15     ExpandoUtils.upsert (package:riverpod_analyzer_utils/src/analyzer_utils.dart:31:27)
[custom_lint client] 2025-08-20T22:28:27.158156 #16     FunctionalProviderDeclarationX.provider (package:riverpod_analyzer_utils/src/nodes/providers/function.dart:8:19)
[custom_lint client] 2025-08-20T22:28:27.158156 #17     RecursiveRiverpodAstVisitor.visitFunctionDeclaration (package:riverpod_analyzer_utils/src/nodes.g.dart:102:14)
[custom_lint client] 2025-08-20T22:28:27.158156 #18     FunctionDeclarationImpl.accept (package:analyzer/src/dart/ast/ast.dart:8638:50)
[custom_lint client] 2025-08-20T22:28:27.158156 #19     NodeListImpl.accept (package:analyzer/src/dart/ast/ast.dart:13245:20)
[custom_lint client] 2025-08-20T22:28:27.158156 #20     CompilationUnitImpl.visitChildren (package:analyzer/src/dart/ast/ast.dart:3613:21)
[custom_lint client] 2025-08-20T22:28:27.158156 #21     GeneralizingAstVisitor.visitNode (package:analyzer/dart/ast/visitor.dart:550:10)
[custom_lint client] 2025-08-20T22:28:27.158156 #22     RecursiveRiverpodAstVisitor.visitNode (package:riverpod_analyzer_utils/src/nodes.g.dart:62:11)
[custom_lint client] 2025-08-20T22:28:27.158156 #23     GeneralizingAstVisitor.visitCompilationUnit (package:analyzer/dart/ast/visitor.dart:223:52)
[custom_lint client] 2025-08-20T22:28:27.158156 #24     CompilationUnitImpl.accept (package:analyzer/src/dart/ast/ast.dart:3606:50)
[custom_lint client] 2025-08-20T22:28:27.158156 #25     RiverpodAstRegistry.run (package:riverpod_analyzer_utils/src/nodes.g.dart:742:12)
[custom_lint client] 2025-08-20T22:28:27.158156 #26     _ParseRiverpod._setupRiverpod.<anonymous closure> (package:riverpod_lint/src/riverpod_custom_lint.dart:91:47)
[custom_lint client] 2025-08-20T22:28:27.158156 #27     _rootRun (dart:async/zone.dart:1525:13)
[custom_lint client] 2025-08-20T22:28:27.158156 #28     _CustomZone.run (dart:async/zone.dart:1422:19)
[custom_lint client] 2025-08-20T22:28:27.158156 #29     _CustomZone.bindCallback.<anonymous closure> (dart:async/zone.dart:1345:23)
[custom_lint client] 2025-08-20T22:28:27.158156 #30     runPostRunCallbacks (package:custom_lint_core/src/plugin_base.dart:16:19)
[custom_lint client] 2025-08-20T22:28:27.158156 #31     _ClientAnalyzerPlugin.analyzeFile.<anonymous closure> (package:custom_lint_builder/src/client.dart:967:7)
[custom_lint client] 2025-08-20T22:28:27.158156 <asynchronous suspension>
[custom_lint client] 2025-08-20T22:28:27.158156 #32     _ClientAnalyzerPlugin._runOperation (package:custom_lint_builder/src/client.dart:1094:14)
[custom_lint client] 2025-08-20T22:28:27.158156 <asynchronous suspension>
[custom_lint client] 2025-08-20T22:28:27.158156 #33     _ClientAnalyzerPlugin.analyzeFile (package:custom_lint_builder/src/client.dart:931:5)
[custom_lint client] 2025-08-20T22:28:27.158156 <asynchronous suspension>
[custom_lint client] 2025-08-20T22:28:27.158156 #34     ServerPlugin.analyzeFiles (package:analyzer_plugin/plugin/plugin.dart:111:9)
[custom_lint client] 2025-08-20T22:28:27.158156 <asynchronous suspension>
[custom_lint client] 2025-08-20T22:28:27.158156 #35     ServerPlugin.handleAffectedFiles (package:analyzer_plugin/plugin/plugin.dart:212:5)
[custom_lint client] 2025-08-20T22:28:27.158156 <asynchronous suspension>
[custom_lint client] 2025-08-20T22:28:27.158156 #36     ServerPlugin.contentChanged.<anonymous closure> (package:analyzer_plugin/plugin/plugin.dart:142:9)
[custom_lint client] 2025-08-20T22:28:27.158156 <asynchronous suspension>
[custom_lint client] 2025-08-20T22:28:27.158156 #37     ServerPlugin._forAnalysisContexts (package:analyzer_plugin/plugin/plugin.dart:508:9)
[custom_lint client] 2025-08-20T22:28:27.158156 <asynchronous suspension>
[custom_lint client] 2025-08-20T22:28:27.158156 #38     ServerPlugin.contentChanged (package:analyzer_plugin/plugin/plugin.dart:137:7)
[custom_lint client] 2025-08-20T22:28:27.158156 <asynchronous suspension>
[custom_lint client] 2025-08-20T22:28:27.158156 #39     ServerPlugin.handleAnalysisUpdateContent (package:analyzer_plugin/plugin/plugin.dart:351:5)
[custom_lint client] 2025-08-20T22:28:27.158156 <asynchronous suspension>
[custom_lint client] 2025-08-20T22:28:27.158156 #40     ServerPlugin._getResponse (package:analyzer_plugin/plugin/plugin.dart:546:18)
[custom_lint client] 2025-08-20T22:28:27.158156 <asynchronous suspension>
[custom_lint client] 2025-08-20T22:28:27.158156 #41     ServerPlugin._onRequest (package:analyzer_plugin/plugin/plugin.dart:597:18)
[custom_lint client] 2025-08-20T22:28:27.158156 <asynchronous suspension>
[custom_lint client] 2025-08-20T22:28:27.158156
[custom_lint client] 2025-08-20T22:28:27.439342 Null check operator used on a null value
[custom_lint client] 2025-08-20T22:28:27.439342 #0      RiverpodAnnotationElement._parse.<anonymous closure> (package:riverpod_analyzer_utils/src/nodes/annotation.dart:133:43)
[custom_lint client] 2025-08-20T22:28:27.439342 #1      _Cache.call (package:riverpod_analyzer_utils/src/nodes.dart:69:27)
[custom_lint client] 2025-08-20T22:28:27.439342 #2      RiverpodAnnotationElement._parse (package:riverpod_analyzer_utils/src/nodes/annotation.dart:104:18)
[custom_lint client] 2025-08-20T22:28:27.439342 #3      RiverpodAnnotatedAnnotatedNodeX.riverpod.<anonymous closure> (package:riverpod_analyzer_utils/src/nodes/annotation.dart:39:37)
[custom_lint client] 2025-08-20T22:28:27.439342 #4      ExpandoUtils.upsert (package:riverpod_analyzer_utils/src/analyzer_utils.dart:31:27)
[custom_lint client] 2025-08-20T22:28:27.439342 #5      RiverpodAnnotatedAnnotatedNodeX.riverpod (package:riverpod_analyzer_utils/src/nodes/annotation.dart:34:19)
[custom_lint client] 2025-08-20T22:28:27.439342 #6      RiverpodAnnotatedAnnotatedNodeOfX.riverpod.<anonymous closure>.<anonymous closure> (package:riverpod_analyzer_utils/src/nodes/annotation.dart:8:36)
[custom_lint client] 2025-08-20T22:28:27.439342 #7      MappedListIterable.elementAt (dart:_internal/iterable.dart:442:31)
[custom_lint client] 2025-08-20T22:28:27.439342 #8      ListIterator.moveNext (dart:_internal/iterable.dart:371:26)
[custom_lint client] 2025-08-20T22:28:27.439342 #9      NonNullsIterator.moveNext (dart:_internal/iterable.dart:943:20)
[custom_lint client] 2025-08-20T22:28:27.439342 #10     IterableExtension.firstOrNull (package:collection/src/iterable_extensions.dart:275:18)
[custom_lint client] 2025-08-20T22:28:27.439342 #11     RiverpodAnnotatedAnnotatedNodeOfX.riverpod.<anonymous closure> (package:riverpod_analyzer_utils/src/nodes/annotation.dart:8:55)
[custom_lint client] 2025-08-20T22:28:27.439342 #12     ExpandoUtils.upsert (package:riverpod_analyzer_utils/src/analyzer_utils.dart:31:27)
[custom_lint client] 2025-08-20T22:28:27.439342 #13     RiverpodAnnotatedAnnotatedNodeOfX.riverpod (package:riverpod_analyzer_utils/src/nodes/annotation.dart:7:19)
[custom_lint client] 2025-08-20T22:28:27.439342 #14     FunctionalProviderDeclarationX.provider.<anonymous closure> (package:riverpod_analyzer_utils/src/nodes/providers/function.dart:12:29)
[custom_lint client] 2025-08-20T22:28:27.439342 #15     ExpandoUtils.upsert (package:riverpod_analyzer_utils/src/analyzer_utils.dart:31:27)
[custom_lint client] 2025-08-20T22:28:27.439342 #16     FunctionalProviderDeclarationX.provider (package:riverpod_analyzer_utils/src/nodes/providers/function.dart:8:19)
[custom_lint client] 2025-08-20T22:28:27.439342 #17     RecursiveRiverpodAstVisitor.visitFunctionDeclaration (package:riverpod_analyzer_utils/src/nodes.g.dart:102:14)
[custom_lint client] 2025-08-20T22:28:27.439342 #18     FunctionDeclarationImpl.accept (package:analyzer/src/dart/ast/ast.dart:8638:50)
[custom_lint client] 2025-08-20T22:28:27.439342 #19     NodeListImpl.accept (package:analyzer/src/dart/ast/ast.dart:13245:20)
[custom_lint client] 2025-08-20T22:28:27.439342 #20     CompilationUnitImpl.visitChildren (package:analyzer/src/dart/ast/ast.dart:3613:21)
[custom_lint client] 2025-08-20T22:28:27.439342 #21     GeneralizingAstVisitor.visitNode (package:analyzer/dart/ast/visitor.dart:550:10)
[custom_lint client] 2025-08-20T22:28:27.439342 #22     RecursiveRiverpodAstVisitor.visitNode (package:riverpod_analyzer_utils/src/nodes.g.dart:62:11)
[custom_lint client] 2025-08-20T22:28:27.439342 #23     GeneralizingAstVisitor.visitCompilationUnit (package:analyzer/dart/ast/visitor.dart:223:52)
[custom_lint client] 2025-08-20T22:28:27.439342 #24     CompilationUnitImpl.accept (package:analyzer/src/dart/ast/ast.dart:3606:50)
[custom_lint client] 2025-08-20T22:28:27.439342 #25     RiverpodAstRegistry.run (package:riverpod_analyzer_utils/src/nodes.g.dart:742:12)
[custom_lint client] 2025-08-20T22:28:27.439342 #26     _ParseRiverpod._setupRiverpod.<anonymous closure> (package:riverpod_lint/src/riverpod_custom_lint.dart:91:47)
[custom_lint client] 2025-08-20T22:28:27.439342 #27     _rootRun (dart:async/zone.dart:1525:13)
[custom_lint client] 2025-08-20T22:28:27.439342 #28     _CustomZone.run (dart:async/zone.dart:1422:19)
[custom_lint client] 2025-08-20T22:28:27.439342 #29     _CustomZone.bindCallback.<anonymous closure> (dart:async/zone.dart:1345:23)
[custom_lint client] 2025-08-20T22:28:27.439342 #30     runPostRunCallbacks (package:custom_lint_core/src/plugin_base.dart:16:19)
[custom_lint client] 2025-08-20T22:28:27.439342 #31     _ClientAnalyzerPlugin.handleEditGetAssists (package:custom_lint_builder/src/client.dart:566:5)
[custom_lint client] 2025-08-20T22:28:27.439342 <asynchronous suspension>
[custom_lint client] 2025-08-20T22:28:27.439342 #32     ServerPlugin._getResponse (package:analyzer_plugin/plugin/plugin.dart:554:18)
[custom_lint client] 2025-08-20T22:28:27.439342 <asynchronous suspension>
[custom_lint client] 2025-08-20T22:28:27.439342 #33     ServerPlugin._onRequest (package:analyzer_plugin/plugin/plugin.dart:597:18)
[custom_lint client] 2025-08-20T22:28:27.439342 <asynchronous suspension>
[custom_lint client] 2025-08-20T22:28:27.439342
[custom_lint client] 2025-08-20T22:28:27.771724 Null check operator used on a null value
[custom_lint client] 2025-08-20T22:28:27.771724 #0      RiverpodAnnotationElement._parse.<anonymous closure> (package:riverpod_analyzer_utils/src/nodes/annotation.dart:133:43)
[custom_lint client] 2025-08-20T22:28:27.771724 #1      _Cache.call (package:riverpod_analyzer_utils/src/nodes.dart:69:27)
[custom_lint client] 2025-08-20T22:28:27.771724 #2      RiverpodAnnotationElement._parse (package:riverpod_analyzer_utils/src/nodes/annotation.dart:104:18)
[custom_lint client] 2025-08-20T22:28:27.771724 #3      RiverpodAnnotatedAnnotatedNodeX.riverpod.<anonymous closure> (package:riverpod_analyzer_utils/src/nodes/annotation.dart:39:37)
[custom_lint client] 2025-08-20T22:28:27.771724 #4      ExpandoUtils.upsert (package:riverpod_analyzer_utils/src/analyzer_utils.dart:31:27)
[custom_lint client] 2025-08-20T22:28:27.771724 #5      RiverpodAnnotatedAnnotatedNodeX.riverpod (package:riverpod_analyzer_utils/src/nodes/annotation.dart:34:19)
[custom_lint client] 2025-08-20T22:28:27.771724 #6      RiverpodAnnotatedAnnotatedNodeOfX.riverpod.<anonymous closure>.<anonymous closure> (package:riverpod_analyzer_utils/src/nodes/annotation.dart:8:36)
[custom_lint client] 2025-08-20T22:28:27.771724 #7      MappedListIterable.elementAt (dart:_internal/iterable.dart:442:31)
[custom_lint client] 2025-08-20T22:28:27.771724 #8      ListIterator.moveNext (dart:_internal/iterable.dart:371:26)
[custom_lint client] 2025-08-20T22:28:27.771724 #9      NonNullsIterator.moveNext (dart:_internal/iterable.dart:943:20)
[custom_lint client] 2025-08-20T22:28:27.771724 #10     IterableExtension.firstOrNull (package:collection/src/iterable_extensions.dart:275:18)
[custom_lint client] 2025-08-20T22:28:27.771724 #11     RiverpodAnnotatedAnnotatedNodeOfX.riverpod.<anonymous closure> (package:riverpod_analyzer_utils/src/nodes/annotation.dart:8:55)
[custom_lint client] 2025-08-20T22:28:27.771724 #12     ExpandoUtils.upsert (package:riverpod_analyzer_utils/src/analyzer_utils.dart:31:27)
[custom_lint client] 2025-08-20T22:28:27.771724 #13     RiverpodAnnotatedAnnotatedNodeOfX.riverpod (package:riverpod_analyzer_utils/src/nodes/annotation.dart:7:19)
[custom_lint client] 2025-08-20T22:28:27.771724 #14     FunctionalProviderDeclarationX.provider.<anonymous closure> (package:riverpod_analyzer_utils/src/nodes/providers/function.dart:12:29)
[custom_lint client] 2025-08-20T22:28:27.771724 #15     ExpandoUtils.upsert (package:riverpod_analyzer_utils/src/analyzer_utils.dart:31:27)
[custom_lint client] 2025-08-20T22:28:27.771724 #16     FunctionalProviderDeclarationX.provider (package:riverpod_analyzer_utils/src/nodes/providers/function.dart:8:19)
[custom_lint client] 2025-08-20T22:28:27.771724 #17     RecursiveRiverpodAstVisitor.visitFunctionDeclaration (package:riverpod_analyzer_utils/src/nodes.g.dart:102:14)
[custom_lint client] 2025-08-20T22:28:27.771724 #18     FunctionDeclarationImpl.accept (package:analyzer/src/dart/ast/ast.dart:8638:50)
[custom_lint client] 2025-08-20T22:28:27.771724 #19     NodeListImpl.accept (package:analyzer/src/dart/ast/ast.dart:13245:20)
[custom_lint client] 2025-08-20T22:28:27.771724 #20     CompilationUnitImpl.visitChildren (package:analyzer/src/dart/ast/ast.dart:3613:21)
[custom_lint client] 2025-08-20T22:28:27.771724 #21     GeneralizingAstVisitor.visitNode (package:analyzer/dart/ast/visitor.dart:550:10)
[custom_lint client] 2025-08-20T22:28:27.771724 #22     RecursiveRiverpodAstVisitor.visitNode (package:riverpod_analyzer_utils/src/nodes.g.dart:62:11)
[custom_lint client] 2025-08-20T22:28:27.771724 #23     GeneralizingAstVisitor.visitCompilationUnit (package:analyzer/dart/ast/visitor.dart:223:52)
[custom_lint client] 2025-08-20T22:28:27.771724 #24     CompilationUnitImpl.accept (package:analyzer/src/dart/ast/ast.dart:3606:50)
[custom_lint client] 2025-08-20T22:28:27.771724 #25     RiverpodAstRegistry.run (package:riverpod_analyzer_utils/src/nodes.g.dart:742:12)
[custom_lint client] 2025-08-20T22:28:27.771724 #26     _ParseRiverpod._setupRiverpod.<anonymous closure> (package:riverpod_lint/src/riverpod_custom_lint.dart:91:47)
[custom_lint client] 2025-08-20T22:28:27.771724 #27     _rootRun (dart:async/zone.dart:1525:13)
[custom_lint client] 2025-08-20T22:28:27.771724 #28     _CustomZone.run (dart:async/zone.dart:1422:19)
[custom_lint client] 2025-08-20T22:28:27.771724 #29     _CustomZone.bindCallback.<anonymous closure> (dart:async/zone.dart:1345:23)
[custom_lint client] 2025-08-20T22:28:27.771724 #30     runPostRunCallbacks (package:custom_lint_core/src/plugin_base.dart:16:19)
[custom_lint client] 2025-08-20T22:28:27.771724 #31     _ClientAnalyzerPlugin.analyzeFile.<anonymous closure> (package:custom_lint_builder/src/client.dart:967:7)
[custom_lint client] 2025-08-20T22:28:27.771724 <asynchronous suspension>
[custom_lint client] 2025-08-20T22:28:27.771724 #32     _ClientAnalyzerPlugin._runOperation (package:custom_lint_builder/src/client.dart:1094:14)
[custom_lint client] 2025-08-20T22:28:27.771724 <asynchronous suspension>
[custom_lint client] 2025-08-20T22:28:27.771724 #33     _ClientAnalyzerPlugin.analyzeFile (package:custom_lint_builder/src/client.dart:931:5)
[custom_lint client] 2025-08-20T22:28:27.771724 <asynchronous suspension>
[custom_lint client] 2025-08-20T22:28:27.771724 #34     ServerPlugin.analyzeFiles (package:analyzer_plugin/plugin/plugin.dart:111:9)
[custom_lint client] 2025-08-20T22:28:27.771724 <asynchronous suspension>
[custom_lint client] 2025-08-20T22:28:27.771724 #35     ServerPlugin.handleAffectedFiles (package:analyzer_plugin/plugin/plugin.dart:212:5)
[custom_lint client] 2025-08-20T22:28:27.771724 <asynchronous suspension>
[custom_lint client] 2025-08-20T22:28:27.771724 #36     ServerPlugin.contentChanged.<anonymous closure> (package:analyzer_plugin/plugin/plugin.dart:142:9)
[custom_lint client] 2025-08-20T22:28:27.771724 <asynchronous suspension>
[custom_lint client] 2025-08-20T22:28:27.771724 #37     ServerPlugin._forAnalysisContexts (package:analyzer_plugin/plugin/plugin.dart:508:9)
[custom_lint client] 2025-08-20T22:28:27.771724 <asynchronous suspension>
[custom_lint client] 2025-08-20T22:28:27.771724 #38     ServerPlugin.contentChanged (package:analyzer_plugin/plugin/plugin.dart:137:7)
[custom_lint client] 2025-08-20T22:28:27.771724 <asynchronous suspension>
[custom_lint client] 2025-08-20T22:28:27.771724 #39     ServerPlugin.handleAnalysisUpdateContent (package:analyzer_plugin/plugin/plugin.dart:351:5)
[custom_lint client] 2025-08-20T22:28:27.771724 <asynchronous suspension>
[custom_lint client] 2025-08-20T22:28:27.771724 #40     ServerPlugin._getResponse (package:analyzer_plugin/plugin/plugin.dart:546:18)
[custom_lint client] 2025-08-20T22:28:27.771724 <asynchronous suspension>
[custom_lint client] 2025-08-20T22:28:27.771724 #41     ServerPlugin._onRequest (package:analyzer_plugin/plugin/plugin.dart:597:18)
[custom_lint client] 2025-08-20T22:28:27.771724 <asynchronous suspension>
[custom_lint client] 2025-08-20T22:28:27.771724
[custom_lint client] 2025-08-20T22:28:28.036339 Null check operator used on a null value
[custom_lint client] 2025-08-20T22:28:28.036339 #0      RiverpodAnnotationElement._parse.<anonymous closure> (package:riverpod_analyzer_utils/src/nodes/annotation.dart:133:43)
[custom_lint client] 2025-08-20T22:28:28.036339 #1      _Cache.call (package:riverpod_analyzer_utils/src/nodes.dart:69:27)
[custom_lint client] 2025-08-20T22:28:28.036339 #2      RiverpodAnnotationElement._parse (package:riverpod_analyzer_utils/src/nodes/annotation.dart:104:18)
[custom_lint client] 2025-08-20T22:28:28.036339 #3      RiverpodAnnotatedAnnotatedNodeX.riverpod.<anonymous closure> (package:riverpod_analyzer_utils/src/nodes/annotation.dart:39:37)
[custom_lint client] 2025-08-20T22:28:28.036339 #4      ExpandoUtils.upsert (package:riverpod_analyzer_utils/src/analyzer_utils.dart:31:27)
[custom_lint client] 2025-08-20T22:28:28.036339 #5      RiverpodAnnotatedAnnotatedNodeX.riverpod (package:riverpod_analyzer_utils/src/nodes/annotation.dart:34:19)
[custom_lint client] 2025-08-20T22:28:28.036339 #6      RiverpodAnnotatedAnnotatedNodeOfX.riverpod.<anonymous closure>.<anonymous closure> (package:riverpod_analyzer_utils/src/nodes/annotation.dart:8:36)
[custom_lint client] 2025-08-20T22:28:28.036339 #7      MappedListIterable.elementAt (dart:_internal/iterable.dart:442:31)
[custom_lint client] 2025-08-20T22:28:28.036339 #8      ListIterator.moveNext (dart:_internal/iterable.dart:371:26)
[custom_lint client] 2025-08-20T22:28:28.036339 #9      NonNullsIterator.moveNext (dart:_internal/iterable.dart:943:20)
[custom_lint client] 2025-08-20T22:28:28.036339 #10     IterableExtension.firstOrNull (package:collection/src/iterable_extensions.dart:275:18)
[custom_lint client] 2025-08-20T22:28:28.036339 #11     RiverpodAnnotatedAnnotatedNodeOfX.riverpod.<anonymous closure> (package:riverpod_analyzer_utils/src/nodes/annotation.dart:8:55)
[custom_lint client] 2025-08-20T22:28:28.036339 #12     ExpandoUtils.upsert (package:riverpod_analyzer_utils/src/analyzer_utils.dart:31:27)
[custom_lint client] 2025-08-20T22:28:28.036339 #13     RiverpodAnnotatedAnnotatedNodeOfX.riverpod (package:riverpod_analyzer_utils/src/nodes/annotation.dart:7:19)
[custom_lint client] 2025-08-20T22:28:28.036339 #14     FunctionalProviderDeclarationX.provider.<anonymous closure> (package:riverpod_analyzer_utils/src/nodes/providers/function.dart:12:29)
[custom_lint client] 2025-08-20T22:28:28.036339 #15     ExpandoUtils.upsert (package:riverpod_analyzer_utils/src/analyzer_utils.dart:31:27)
[custom_lint client] 2025-08-20T22:28:28.036339 #16     FunctionalProviderDeclarationX.provider (package:riverpod_analyzer_utils/src/nodes/providers/function.dart:8:19)
[custom_lint client] 2025-08-20T22:28:28.036339 #17     RecursiveRiverpodAstVisitor.visitFunctionDeclaration (package:riverpod_analyzer_utils/src/nodes.g.dart:102:14)
[custom_lint client] 2025-08-20T22:28:28.036339 #18     FunctionDeclarationImpl.accept (package:analyzer/src/dart/ast/ast.dart:8638:50)
[custom_lint client] 2025-08-20T22:28:28.036339 #19     NodeListImpl.accept (package:analyzer/src/dart/ast/ast.dart:13245:20)
[custom_lint client] 2025-08-20T22:28:28.036339 #20     CompilationUnitImpl.visitChildren (package:analyzer/src/dart/ast/ast.dart:3613:21)
[custom_lint client] 2025-08-20T22:28:28.036339 #21     GeneralizingAstVisitor.visitNode (package:analyzer/dart/ast/visitor.dart:550:10)
[custom_lint client] 2025-08-20T22:28:28.036339 #22     RecursiveRiverpodAstVisitor.visitNode (package:riverpod_analyzer_utils/src/nodes.g.dart:62:11)
[custom_lint client] 2025-08-20T22:28:28.036339 #23     GeneralizingAstVisitor.visitCompilationUnit (package:analyzer/dart/ast/visitor.dart:223:52)
[custom_lint client] 2025-08-20T22:28:28.036339 #24     CompilationUnitImpl.accept (package:analyzer/src/dart/ast/ast.dart:3606:50)
[custom_lint client] 2025-08-20T22:28:28.036339 #25     RiverpodAstRegistry.run (package:riverpod_analyzer_utils/src/nodes.g.dart:742:12)
[custom_lint client] 2025-08-20T22:28:28.036339 #26     _ParseRiverpod._setupRiverpod.<anonymous closure> (package:riverpod_lint/src/riverpod_custom_lint.dart:91:47)
[custom_lint client] 2025-08-20T22:28:28.036339 #27     _rootRun (dart:async/zone.dart:1525:13)
[custom_lint client] 2025-08-20T22:28:28.036339 #28     _CustomZone.run (dart:async/zone.dart:1422:19)
[custom_lint client] 2025-08-20T22:28:28.036339 #29     _CustomZone.bindCallback.<anonymous closure> (dart:async/zone.dart:1345:23)
[custom_lint client] 2025-08-20T22:28:28.036339 #30     runPostRunCallbacks (package:custom_lint_core/src/plugin_base.dart:16:19)
[custom_lint client] 2025-08-20T22:28:28.036339 #31     _ClientAnalyzerPlugin.analyzeFile.<anonymous closure> (package:custom_lint_builder/src/client.dart:967:7)
[custom_lint client] 2025-08-20T22:28:28.036339 <asynchronous suspension>
[custom_lint client] 2025-08-20T22:28:28.036339 #32     _ClientAnalyzerPlugin._runOperation (package:custom_lint_builder/src/client.dart:1094:14)
[custom_lint client] 2025-08-20T22:28:28.036339 <asynchronous suspension>
[custom_lint client] 2025-08-20T22:28:28.036339 #33     _ClientAnalyzerPlugin.analyzeFile (package:custom_lint_builder/src/client.dart:931:5)
[custom_lint client] 2025-08-20T22:28:28.036339 <asynchronous suspension>
[custom_lint client] 2025-08-20T22:28:28.036339 #34     ServerPlugin.analyzeFiles (package:analyzer_plugin/plugin/plugin.dart:111:9)
[custom_lint client] 2025-08-20T22:28:28.036339 <asynchronous suspension>
[custom_lint client] 2025-08-20T22:28:28.036339 #35     ServerPlugin.handleAffectedFiles (package:analyzer_plugin/plugin/plugin.dart:212:5)
[custom_lint client] 2025-08-20T22:28:28.036339 <asynchronous suspension>
[custom_lint client] 2025-08-20T22:28:28.036339 #36     ServerPlugin.contentChanged.<anonymous closure> (package:analyzer_plugin/plugin/plugin.dart:142:9)
[custom_lint client] 2025-08-20T22:28:28.036339 <asynchronous suspension>
[custom_lint client] 2025-08-20T22:28:28.036339 #37     ServerPlugin._forAnalysisContexts (package:analyzer_plugin/plugin/plugin.dart:508:9)
[custom_lint client] 2025-08-20T22:28:28.036339 <asynchronous suspension>
[custom_lint client] 2025-08-20T22:28:28.036339 #38     ServerPlugin.contentChanged (package:analyzer_plugin/plugin/plugin.dart:137:7)
[custom_lint client] 2025-08-20T22:28:28.036339 <asynchronous suspension>
[custom_lint client] 2025-08-20T22:28:28.036339 #39     ServerPlugin.handleAnalysisUpdateContent (package:analyzer_plugin/plugin/plugin.dart:351:5)
[custom_lint client] 2025-08-20T22:28:28.036339 <asynchronous suspension>
[custom_lint client] 2025-08-20T22:28:28.036339 #40     ServerPlugin._getResponse (package:analyzer_plugin/plugin/plugin.dart:546:18)
[custom_lint client] 2025-08-20T22:28:28.036339 <asynchronous suspension>
[custom_lint client] 2025-08-20T22:28:28.036339 #41     ServerPlugin._onRequest (package:analyzer_plugin/plugin/plugin.dart:597:18)
[custom_lint client] 2025-08-20T22:28:28.036339 <asynchronous suspension>
[custom_lint client] 2025-08-20T22:28:28.036339
[custom_lint client] 2025-08-20T22:28:28.141371 Null check operator used on a null value
[custom_lint client] 2025-08-20T22:28:28.141371 #0      RiverpodAnnotationElement._parse.<anonymous closure> (package:riverpod_analyzer_utils/src/nodes/annotation.dart:133:43)
[custom_lint client] 2025-08-20T22:28:28.141371 #1      _Cache.call (package:riverpod_analyzer_utils/src/nodes.dart:69:27)
[custom_lint client] 2025-08-20T22:28:28.141371 #2      RiverpodAnnotationElement._parse (package:riverpod_analyzer_utils/src/nodes/annotation.dart:104:18)
[custom_lint client] 2025-08-20T22:28:28.141371 #3      RiverpodAnnotatedAnnotatedNodeX.riverpod.<anonymous closure> (package:riverpod_analyzer_utils/src/nodes/annotation.dart:39:37)
[custom_lint client] 2025-08-20T22:28:28.141371 #4      ExpandoUtils.upsert (package:riverpod_analyzer_utils/src/analyzer_utils.dart:31:27)
[custom_lint client] 2025-08-20T22:28:28.141371 #5      RiverpodAnnotatedAnnotatedNodeX.riverpod (package:riverpod_analyzer_utils/src/nodes/annotation.dart:34:19)
[custom_lint client] 2025-08-20T22:28:28.141371 #6      RiverpodAnnotatedAnnotatedNodeOfX.riverpod.<anonymous closure>.<anonymous closure> (package:riverpod_analyzer_utils/src/nodes/annotation.dart:8:36)
[custom_lint client] 2025-08-20T22:28:28.141371 #7      MappedListIterable.elementAt (dart:_internal/iterable.dart:442:31)
[custom_lint client] 2025-08-20T22:28:28.141371 #8      ListIterator.moveNext (dart:_internal/iterable.dart:371:26)
[custom_lint client] 2025-08-20T22:28:28.141371 #9      NonNullsIterator.moveNext (dart:_internal/iterable.dart:943:20)
[custom_lint client] 2025-08-20T22:28:28.141371 #10     IterableExtension.firstOrNull (package:collection/src/iterable_extensions.dart:275:18)
[custom_lint client] 2025-08-20T22:28:28.141371 #11     RiverpodAnnotatedAnnotatedNodeOfX.riverpod.<anonymous closure> (package:riverpod_analyzer_utils/src/nodes/annotation.dart:8:55)
[custom_lint client] 2025-08-20T22:28:28.141371 #12     ExpandoUtils.upsert (package:riverpod_analyzer_utils/src/analyzer_utils.dart:31:27)
[custom_lint client] 2025-08-20T22:28:28.141371 #13     RiverpodAnnotatedAnnotatedNodeOfX.riverpod (package:riverpod_analyzer_utils/src/nodes/annotation.dart:7:19)
[custom_lint client] 2025-08-20T22:28:28.141371 #14     FunctionalProviderDeclarationX.provider.<anonymous closure> (package:riverpod_analyzer_utils/src/nodes/providers/function.dart:12:29)
[custom_lint client] 2025-08-20T22:28:28.141371 #15     ExpandoUtils.upsert (package:riverpod_analyzer_utils/src/analyzer_utils.dart:31:27)
[custom_lint client] 2025-08-20T22:28:28.141371 #16     FunctionalProviderDeclarationX.provider (package:riverpod_analyzer_utils/src/nodes/providers/function.dart:8:19)
[custom_lint client] 2025-08-20T22:28:28.141371 #17     RecursiveRiverpodAstVisitor.visitFunctionDeclaration (package:riverpod_analyzer_utils/src/nodes.g.dart:102:14)
[custom_lint client] 2025-08-20T22:28:28.141371 #18     FunctionDeclarationImpl.accept (package:analyzer/src/dart/ast/ast.dart:8638:50)
[custom_lint client] 2025-08-20T22:28:28.141371 #19     NodeListImpl.accept (package:analyzer/src/dart/ast/ast.dart:13245:20)
[custom_lint client] 2025-08-20T22:28:28.141371 #20     CompilationUnitImpl.visitChildren (package:analyzer/src/dart/ast/ast.dart:3613:21)
[custom_lint client] 2025-08-20T22:28:28.141371 #21     GeneralizingAstVisitor.visitNode (package:analyzer/dart/ast/visitor.dart:550:10)
[custom_lint client] 2025-08-20T22:28:28.141371 #22     RecursiveRiverpodAstVisitor.visitNode (package:riverpod_analyzer_utils/src/nodes.g.dart:62:11)
[custom_lint client] 2025-08-20T22:28:28.141371 #23     GeneralizingAstVisitor.visitCompilationUnit (package:analyzer/dart/ast/visitor.dart:223:52)
[custom_lint client] 2025-08-20T22:28:28.141371 #24     CompilationUnitImpl.accept (package:analyzer/src/dart/ast/ast.dart:3606:50)
[custom_lint client] 2025-08-20T22:28:28.141371 #25     RiverpodAstRegistry.run (package:riverpod_analyzer_utils/src/nodes.g.dart:742:12)
[custom_lint client] 2025-08-20T22:28:28.141371 #26     _ParseRiverpod._setupRiverpod.<anonymous closure> (package:riverpod_lint/src/riverpod_custom_lint.dart:91:47)
[custom_lint client] 2025-08-20T22:28:28.141371 #27     _rootRun (dart:async/zone.dart:1525:13)
[custom_lint client] 2025-08-20T22:28:28.141371 #28     _CustomZone.run (dart:async/zone.dart:1422:19)
[custom_lint client] 2025-08-20T22:28:28.141371 #29     _CustomZone.bindCallback.<anonymous closure> (dart:async/zone.dart:1345:23)
[custom_lint client] 2025-08-20T22:28:28.141371 #30     runPostRunCallbacks (package:custom_lint_core/src/plugin_base.dart:16:19)
[custom_lint client] 2025-08-20T22:28:28.141371 #31     _ClientAnalyzerPlugin.analyzeFile.<anonymous closure> (package:custom_lint_builder/src/client.dart:967:7)
[custom_lint client] 2025-08-20T22:28:28.141371 <asynchronous suspension>
[custom_lint client] 2025-08-20T22:28:28.141371 #32     _ClientAnalyzerPlugin._runOperation (package:custom_lint_builder/src/client.dart:1094:14)
[custom_lint client] 2025-08-20T22:28:28.141371 <asynchronous suspension>
[custom_lint client] 2025-08-20T22:28:28.141371 #33     _ClientAnalyzerPlugin.analyzeFile (package:custom_lint_builder/src/client.dart:931:5)
[custom_lint client] 2025-08-20T22:28:28.141371 <asynchronous suspension>
[custom_lint client] 2025-08-20T22:28:28.141371 #34     ServerPlugin.analyzeFiles (package:analyzer_plugin/plugin/plugin.dart:111:9)
[custom_lint client] 2025-08-20T22:28:28.141371 <asynchronous suspension>
[custom_lint client] 2025-08-20T22:28:28.141371 #35     ServerPlugin.handleAffectedFiles (package:analyzer_plugin/plugin/plugin.dart:212:5)
[custom_lint client] 2025-08-20T22:28:28.141371 <asynchronous suspension>
[custom_lint client] 2025-08-20T22:28:28.141371 #36     ServerPlugin.contentChanged.<anonymous closure> (package:analyzer_plugin/plugin/plugin.dart:142:9)
[custom_lint client] 2025-08-20T22:28:28.141371 <asynchronous suspension>
[custom_lint client] 2025-08-20T22:28:28.141371 #37     ServerPlugin._forAnalysisContexts (package:analyzer_plugin/plugin/plugin.dart:508:9)
[custom_lint client] 2025-08-20T22:28:28.141371 <asynchronous suspension>
[custom_lint client] 2025-08-20T22:28:28.141371 #38     ServerPlugin.contentChanged (package:analyzer_plugin/plugin/plugin.dart:137:7)
[custom_lint client] 2025-08-20T22:28:28.141371 <asynchronous suspension>
[custom_lint client] 2025-08-20T22:28:28.141371 #39     ServerPlugin.handleAnalysisUpdateContent (package:analyzer_plugin/plugin/plugin.dart:351:5)
[custom_lint client] 2025-08-20T22:28:28.141371 <asynchronous suspension>
[custom_lint client] 2025-08-20T22:28:28.141371 #40     ServerPlugin._getResponse (package:analyzer_plugin/plugin/plugin.dart:546:18)
[custom_lint client] 2025-08-20T22:28:28.141371 <asynchronous suspension>
[custom_lint client] 2025-08-20T22:28:28.141371 #41     ServerPlugin._onRequest (package:analyzer_plugin/plugin/plugin.dart:597:18)
[custom_lint client] 2025-08-20T22:28:28.141371 <asynchronous suspension>
[custom_lint client] 2025-08-20T22:28:28.141371
